
*** Running vivado
    with args -log MIPSfpga_system_wrapper.vdi -applog -m64 -product Vivado -messageDb vivado.pb -mode batch -source MIPSfpga_system_wrapper.tcl -notrace


****** Vivado v2018.2 (64-bit)
  **** SW Build 2258646 on Thu Jun 14 20:03:12 MDT 2018
  **** IP Build 2256618 on Thu Jun 14 22:10:49 MDT 2018
    ** Copyright 1986-2018 Xilinx, Inc. All Rights Reserved.

source MIPSfpga_system_wrapper.tcl -notrace
INFO: [IP_Flow 19-234] Refreshing IP repositories
INFO: [IP_Flow 19-1700] Loaded user IP repository 'e:/ComputerSystem/AWorkSpace/BluetoothCarHardWare/ip_repo'.
INFO: [IP_Flow 19-2313] Loaded Vivado IP repository 'C:/Xilinx/Vivado/2018.2/data/ip'.
add_files: Time (s): cpu = 00:00:06 ; elapsed = 00:00:07 . Memory (MB): peak = 389.766 ; gain = 86.027
Command: link_design -top MIPSfpga_system_wrapper -part xc7a100tcsg324-1
Design is defaulting to srcset: sources_1
Design is defaulting to constrset: constrs_1
INFO: [Netlist 29-17] Analyzing 1325 Unisim elements for replacement
INFO: [Netlist 29-28] Unisim Transformation completed in 0 CPU seconds
INFO: [Project 1-479] Netlist was created with Vivado 2018.2
INFO: [Device 21-403] Loading part xc7a100tcsg324-1
INFO: [Project 1-570] Preparing netlist for logic optimization
Parsing XDC File [e:/ComputerSystem/AWorkSpace/BluetoothCarHardWare/MIPSfpga_axi4_ddr/MIPSfpga_axi4_ddr.srcs/sources_1/bd/MIPSfpga_system/ip/MIPSfpga_system_axi_gpio_0_0/MIPSfpga_system_axi_gpio_0_0_board.xdc] for cell 'MIPSfpga_system_i/axi_gpio_0/U0'
Finished Parsing XDC File [e:/ComputerSystem/AWorkSpace/BluetoothCarHardWare/MIPSfpga_axi4_ddr/MIPSfpga_axi4_ddr.srcs/sources_1/bd/MIPSfpga_system/ip/MIPSfpga_system_axi_gpio_0_0/MIPSfpga_system_axi_gpio_0_0_board.xdc] for cell 'MIPSfpga_system_i/axi_gpio_0/U0'
Parsing XDC File [e:/ComputerSystem/AWorkSpace/BluetoothCarHardWare/MIPSfpga_axi4_ddr/MIPSfpga_axi4_ddr.srcs/sources_1/bd/MIPSfpga_system/ip/MIPSfpga_system_axi_gpio_0_0/MIPSfpga_system_axi_gpio_0_0.xdc] for cell 'MIPSfpga_system_i/axi_gpio_0/U0'
Finished Parsing XDC File [e:/ComputerSystem/AWorkSpace/BluetoothCarHardWare/MIPSfpga_axi4_ddr/MIPSfpga_axi4_ddr.srcs/sources_1/bd/MIPSfpga_system/ip/MIPSfpga_system_axi_gpio_0_0/MIPSfpga_system_axi_gpio_0_0.xdc] for cell 'MIPSfpga_system_i/axi_gpio_0/U0'
Parsing XDC File [e:/ComputerSystem/AWorkSpace/BluetoothCarHardWare/MIPSfpga_axi4_ddr/MIPSfpga_axi4_ddr.srcs/sources_1/bd/MIPSfpga_system/ip/MIPSfpga_system_axi_intc_0_0/MIPSfpga_system_axi_intc_0_0.xdc] for cell 'MIPSfpga_system_i/axi_intc_0/U0'
Finished Parsing XDC File [e:/ComputerSystem/AWorkSpace/BluetoothCarHardWare/MIPSfpga_axi4_ddr/MIPSfpga_axi4_ddr.srcs/sources_1/bd/MIPSfpga_system/ip/MIPSfpga_system_axi_intc_0_0/MIPSfpga_system_axi_intc_0_0.xdc] for cell 'MIPSfpga_system_i/axi_intc_0/U0'
Parsing XDC File [e:/ComputerSystem/AWorkSpace/BluetoothCarHardWare/MIPSfpga_axi4_ddr/MIPSfpga_axi4_ddr.srcs/sources_1/bd/MIPSfpga_system/ip/MIPSfpga_system_axi_uart16550_0_0/MIPSfpga_system_axi_uart16550_0_0_board.xdc] for cell 'MIPSfpga_system_i/axi_uart16550_0/U0'
Finished Parsing XDC File [e:/ComputerSystem/AWorkSpace/BluetoothCarHardWare/MIPSfpga_axi4_ddr/MIPSfpga_axi4_ddr.srcs/sources_1/bd/MIPSfpga_system/ip/MIPSfpga_system_axi_uart16550_0_0/MIPSfpga_system_axi_uart16550_0_0_board.xdc] for cell 'MIPSfpga_system_i/axi_uart16550_0/U0'
Parsing XDC File [e:/ComputerSystem/AWorkSpace/BluetoothCarHardWare/MIPSfpga_axi4_ddr/MIPSfpga_axi4_ddr.srcs/sources_1/bd/MIPSfpga_system/ip/MIPSfpga_system_axi_uart16550_0_0/MIPSfpga_system_axi_uart16550_0_0.xdc] for cell 'MIPSfpga_system_i/axi_uart16550_0/U0'
Finished Parsing XDC File [e:/ComputerSystem/AWorkSpace/BluetoothCarHardWare/MIPSfpga_axi4_ddr/MIPSfpga_axi4_ddr.srcs/sources_1/bd/MIPSfpga_system/ip/MIPSfpga_system_axi_uart16550_0_0/MIPSfpga_system_axi_uart16550_0_0.xdc] for cell 'MIPSfpga_system_i/axi_uart16550_0/U0'
Parsing XDC File [e:/ComputerSystem/AWorkSpace/BluetoothCarHardWare/MIPSfpga_axi4_ddr/MIPSfpga_axi4_ddr.srcs/sources_1/bd/MIPSfpga_system/ip/MIPSfpga_system_clk_wiz_0_0/MIPSfpga_system_clk_wiz_0_0_board.xdc] for cell 'MIPSfpga_system_i/clk_wiz_0/inst'
Finished Parsing XDC File [e:/ComputerSystem/AWorkSpace/BluetoothCarHardWare/MIPSfpga_axi4_ddr/MIPSfpga_axi4_ddr.srcs/sources_1/bd/MIPSfpga_system/ip/MIPSfpga_system_clk_wiz_0_0/MIPSfpga_system_clk_wiz_0_0_board.xdc] for cell 'MIPSfpga_system_i/clk_wiz_0/inst'
Parsing XDC File [e:/ComputerSystem/AWorkSpace/BluetoothCarHardWare/MIPSfpga_axi4_ddr/MIPSfpga_axi4_ddr.srcs/sources_1/bd/MIPSfpga_system/ip/MIPSfpga_system_clk_wiz_0_0/MIPSfpga_system_clk_wiz_0_0.xdc] for cell 'MIPSfpga_system_i/clk_wiz_0/inst'
INFO: [Timing 38-35] Done setting XDC timing constraints. [e:/ComputerSystem/AWorkSpace/BluetoothCarHardWare/MIPSfpga_axi4_ddr/MIPSfpga_axi4_ddr.srcs/sources_1/bd/MIPSfpga_system/ip/MIPSfpga_system_clk_wiz_0_0/MIPSfpga_system_clk_wiz_0_0.xdc:57]
INFO: [Timing 38-2] Deriving generated clocks [e:/ComputerSystem/AWorkSpace/BluetoothCarHardWare/MIPSfpga_axi4_ddr/MIPSfpga_axi4_ddr.srcs/sources_1/bd/MIPSfpga_system/ip/MIPSfpga_system_clk_wiz_0_0/MIPSfpga_system_clk_wiz_0_0.xdc:57]
get_clocks: Time (s): cpu = 00:00:16 ; elapsed = 00:00:17 . Memory (MB): peak = 1559.848 ; gain = 610.250
Finished Parsing XDC File [e:/ComputerSystem/AWorkSpace/BluetoothCarHardWare/MIPSfpga_axi4_ddr/MIPSfpga_axi4_ddr.srcs/sources_1/bd/MIPSfpga_system/ip/MIPSfpga_system_clk_wiz_0_0/MIPSfpga_system_clk_wiz_0_0.xdc] for cell 'MIPSfpga_system_i/clk_wiz_0/inst'
Parsing XDC File [e:/ComputerSystem/AWorkSpace/BluetoothCarHardWare/MIPSfpga_axi4_ddr/MIPSfpga_axi4_ddr.srcs/sources_1/bd/MIPSfpga_system/ip/MIPSfpga_system_mig_7series_0_0/MIPSfpga_system_mig_7series_0_0/user_design/constraints/MIPSfpga_system_mig_7series_0_0.xdc] for cell 'MIPSfpga_system_i/mig_7series_0'
Finished Parsing XDC File [e:/ComputerSystem/AWorkSpace/BluetoothCarHardWare/MIPSfpga_axi4_ddr/MIPSfpga_axi4_ddr.srcs/sources_1/bd/MIPSfpga_system/ip/MIPSfpga_system_mig_7series_0_0/MIPSfpga_system_mig_7series_0_0/user_design/constraints/MIPSfpga_system_mig_7series_0_0.xdc] for cell 'MIPSfpga_system_i/mig_7series_0'
Parsing XDC File [e:/ComputerSystem/AWorkSpace/BluetoothCarHardWare/MIPSfpga_axi4_ddr/MIPSfpga_axi4_ddr.srcs/sources_1/bd/MIPSfpga_system/ip/MIPSfpga_system_util_ds_buf_0_0/MIPSfpga_system_util_ds_buf_0_0_board.xdc] for cell 'MIPSfpga_system_i/util_ds_buf_0/U0'
Finished Parsing XDC File [e:/ComputerSystem/AWorkSpace/BluetoothCarHardWare/MIPSfpga_axi4_ddr/MIPSfpga_axi4_ddr.srcs/sources_1/bd/MIPSfpga_system/ip/MIPSfpga_system_util_ds_buf_0_0/MIPSfpga_system_util_ds_buf_0_0_board.xdc] for cell 'MIPSfpga_system_i/util_ds_buf_0/U0'
Parsing XDC File [e:/ComputerSystem/AWorkSpace/BluetoothCarHardWare/MIPSfpga_axi4_ddr/MIPSfpga_axi4_ddr.srcs/sources_1/bd/MIPSfpga_system/ip/MIPSfpga_system_util_ds_buf_0_0/MIPSfpga_system_util_ds_buf_0_0.xdc] for cell 'MIPSfpga_system_i/util_ds_buf_0/U0'
Finished Parsing XDC File [e:/ComputerSystem/AWorkSpace/BluetoothCarHardWare/MIPSfpga_axi4_ddr/MIPSfpga_axi4_ddr.srcs/sources_1/bd/MIPSfpga_system/ip/MIPSfpga_system_util_ds_buf_0_0/MIPSfpga_system_util_ds_buf_0_0.xdc] for cell 'MIPSfpga_system_i/util_ds_buf_0/U0'
Parsing XDC File [e:/ComputerSystem/AWorkSpace/BluetoothCarHardWare/MIPSfpga_axi4_ddr/MIPSfpga_axi4_ddr.srcs/sources_1/bd/MIPSfpga_system/ip/MIPSfpga_system_axi_uart16550_1_0_2/MIPSfpga_system_axi_uart16550_1_0_board.xdc] for cell 'MIPSfpga_system_i/axi_uart16550_1/U0'
Finished Parsing XDC File [e:/ComputerSystem/AWorkSpace/BluetoothCarHardWare/MIPSfpga_axi4_ddr/MIPSfpga_axi4_ddr.srcs/sources_1/bd/MIPSfpga_system/ip/MIPSfpga_system_axi_uart16550_1_0_2/MIPSfpga_system_axi_uart16550_1_0_board.xdc] for cell 'MIPSfpga_system_i/axi_uart16550_1/U0'
Parsing XDC File [e:/ComputerSystem/AWorkSpace/BluetoothCarHardWare/MIPSfpga_axi4_ddr/MIPSfpga_axi4_ddr.srcs/sources_1/bd/MIPSfpga_system/ip/MIPSfpga_system_axi_uart16550_1_0_2/MIPSfpga_system_axi_uart16550_1_0.xdc] for cell 'MIPSfpga_system_i/axi_uart16550_1/U0'
Finished Parsing XDC File [e:/ComputerSystem/AWorkSpace/BluetoothCarHardWare/MIPSfpga_axi4_ddr/MIPSfpga_axi4_ddr.srcs/sources_1/bd/MIPSfpga_system/ip/MIPSfpga_system_axi_uart16550_1_0_2/MIPSfpga_system_axi_uart16550_1_0.xdc] for cell 'MIPSfpga_system_i/axi_uart16550_1/U0'
Parsing XDC File [e:/ComputerSystem/AWorkSpace/BluetoothCarHardWare/MIPSfpga_axi4_ddr/MIPSfpga_axi4_ddr.srcs/sources_1/bd/MIPSfpga_system/ip/MIPSfpga_system_axi_gpio_1_0_1/MIPSfpga_system_axi_gpio_1_0_board.xdc] for cell 'MIPSfpga_system_i/axi_gpio_1/U0'
Finished Parsing XDC File [e:/ComputerSystem/AWorkSpace/BluetoothCarHardWare/MIPSfpga_axi4_ddr/MIPSfpga_axi4_ddr.srcs/sources_1/bd/MIPSfpga_system/ip/MIPSfpga_system_axi_gpio_1_0_1/MIPSfpga_system_axi_gpio_1_0_board.xdc] for cell 'MIPSfpga_system_i/axi_gpio_1/U0'
Parsing XDC File [e:/ComputerSystem/AWorkSpace/BluetoothCarHardWare/MIPSfpga_axi4_ddr/MIPSfpga_axi4_ddr.srcs/sources_1/bd/MIPSfpga_system/ip/MIPSfpga_system_axi_gpio_1_0_1/MIPSfpga_system_axi_gpio_1_0.xdc] for cell 'MIPSfpga_system_i/axi_gpio_1/U0'
Finished Parsing XDC File [e:/ComputerSystem/AWorkSpace/BluetoothCarHardWare/MIPSfpga_axi4_ddr/MIPSfpga_axi4_ddr.srcs/sources_1/bd/MIPSfpga_system/ip/MIPSfpga_system_axi_gpio_1_0_1/MIPSfpga_system_axi_gpio_1_0.xdc] for cell 'MIPSfpga_system_i/axi_gpio_1/U0'
Parsing XDC File [E:/ComputerSystem/AWorkSpace/BluetoothCarHardWare/MIPSfpga_axi4_ddr/MIPSfpga_axi4_ddr.srcs/constrs_1/imports/system_ability_2018/MIPSfpga_system.xdc]
Finished Parsing XDC File [E:/ComputerSystem/AWorkSpace/BluetoothCarHardWare/MIPSfpga_axi4_ddr/MIPSfpga_axi4_ddr.srcs/constrs_1/imports/system_ability_2018/MIPSfpga_system.xdc]
Parsing XDC File [e:/ComputerSystem/AWorkSpace/BluetoothCarHardWare/MIPSfpga_axi4_ddr/MIPSfpga_axi4_ddr.srcs/sources_1/bd/MIPSfpga_system/ip/MIPSfpga_system_axi_intc_0_0/MIPSfpga_system_axi_intc_0_0_clocks.xdc] for cell 'MIPSfpga_system_i/axi_intc_0/U0'
Finished Parsing XDC File [e:/ComputerSystem/AWorkSpace/BluetoothCarHardWare/MIPSfpga_axi4_ddr/MIPSfpga_axi4_ddr.srcs/sources_1/bd/MIPSfpga_system/ip/MIPSfpga_system_axi_intc_0_0/MIPSfpga_system_axi_intc_0_0_clocks.xdc] for cell 'MIPSfpga_system_i/axi_intc_0/U0'
Parsing XDC File [e:/ComputerSystem/AWorkSpace/BluetoothCarHardWare/MIPSfpga_axi4_ddr/MIPSfpga_axi4_ddr.srcs/sources_1/bd/MIPSfpga_system/ip/MIPSfpga_system_auto_ds_6_1/MIPSfpga_system_auto_ds_6_clocks.xdc] for cell 'MIPSfpga_system_i/axi_interconnect_0/m07_couplers/auto_ds/inst'
Finished Parsing XDC File [e:/ComputerSystem/AWorkSpace/BluetoothCarHardWare/MIPSfpga_axi4_ddr/MIPSfpga_axi4_ddr.srcs/sources_1/bd/MIPSfpga_system/ip/MIPSfpga_system_auto_ds_6_1/MIPSfpga_system_auto_ds_6_clocks.xdc] for cell 'MIPSfpga_system_i/axi_interconnect_0/m07_couplers/auto_ds/inst'
Parsing XDC File [e:/ComputerSystem/AWorkSpace/BluetoothCarHardWare/MIPSfpga_axi4_ddr/MIPSfpga_axi4_ddr.srcs/sources_1/bd/MIPSfpga_system/ip/MIPSfpga_system_auto_ds_5_2/MIPSfpga_system_auto_ds_5_clocks.xdc] for cell 'MIPSfpga_system_i/axi_interconnect_0/m06_couplers/auto_ds/inst'
Finished Parsing XDC File [e:/ComputerSystem/AWorkSpace/BluetoothCarHardWare/MIPSfpga_axi4_ddr/MIPSfpga_axi4_ddr.srcs/sources_1/bd/MIPSfpga_system/ip/MIPSfpga_system_auto_ds_5_2/MIPSfpga_system_auto_ds_5_clocks.xdc] for cell 'MIPSfpga_system_i/axi_interconnect_0/m06_couplers/auto_ds/inst'
Parsing XDC File [e:/ComputerSystem/AWorkSpace/BluetoothCarHardWare/MIPSfpga_axi4_ddr/MIPSfpga_axi4_ddr.srcs/sources_1/bd/MIPSfpga_system/ip/MIPSfpga_system_auto_ds_4/MIPSfpga_system_auto_ds_4_clocks.xdc] for cell 'MIPSfpga_system_i/axi_interconnect_0/m05_couplers/auto_ds/inst'
Finished Parsing XDC File [e:/ComputerSystem/AWorkSpace/BluetoothCarHardWare/MIPSfpga_axi4_ddr/MIPSfpga_axi4_ddr.srcs/sources_1/bd/MIPSfpga_system/ip/MIPSfpga_system_auto_ds_4/MIPSfpga_system_auto_ds_4_clocks.xdc] for cell 'MIPSfpga_system_i/axi_interconnect_0/m05_couplers/auto_ds/inst'
Parsing XDC File [e:/ComputerSystem/AWorkSpace/BluetoothCarHardWare/MIPSfpga_axi4_ddr/MIPSfpga_axi4_ddr.srcs/sources_1/bd/MIPSfpga_system/ip/MIPSfpga_system_auto_ds_3/MIPSfpga_system_auto_ds_3_clocks.xdc] for cell 'MIPSfpga_system_i/axi_interconnect_0/m04_couplers/auto_ds/inst'
Finished Parsing XDC File [e:/ComputerSystem/AWorkSpace/BluetoothCarHardWare/MIPSfpga_axi4_ddr/MIPSfpga_axi4_ddr.srcs/sources_1/bd/MIPSfpga_system/ip/MIPSfpga_system_auto_ds_3/MIPSfpga_system_auto_ds_3_clocks.xdc] for cell 'MIPSfpga_system_i/axi_interconnect_0/m04_couplers/auto_ds/inst'
Parsing XDC File [e:/ComputerSystem/AWorkSpace/BluetoothCarHardWare/MIPSfpga_axi4_ddr/MIPSfpga_axi4_ddr.srcs/sources_1/bd/MIPSfpga_system/ip/MIPSfpga_system_auto_cc_0/MIPSfpga_system_auto_cc_0_clocks.xdc] for cell 'MIPSfpga_system_i/axi_interconnect_0/m03_couplers/auto_cc/inst'
INFO: [Timing 38-2] Deriving generated clocks [e:/ComputerSystem/AWorkSpace/BluetoothCarHardWare/MIPSfpga_axi4_ddr/MIPSfpga_axi4_ddr.srcs/sources_1/bd/MIPSfpga_system/ip/MIPSfpga_system_auto_cc_0/MIPSfpga_system_auto_cc_0_clocks.xdc:16]
Finished Parsing XDC File [e:/ComputerSystem/AWorkSpace/BluetoothCarHardWare/MIPSfpga_axi4_ddr/MIPSfpga_axi4_ddr.srcs/sources_1/bd/MIPSfpga_system/ip/MIPSfpga_system_auto_cc_0/MIPSfpga_system_auto_cc_0_clocks.xdc] for cell 'MIPSfpga_system_i/axi_interconnect_0/m03_couplers/auto_cc/inst'
Parsing XDC File [e:/ComputerSystem/AWorkSpace/BluetoothCarHardWare/MIPSfpga_axi4_ddr/MIPSfpga_axi4_ddr.srcs/sources_1/bd/MIPSfpga_system/ip/MIPSfpga_system_auto_ds_2/MIPSfpga_system_auto_ds_2_clocks.xdc] for cell 'MIPSfpga_system_i/axi_interconnect_0/m02_couplers/auto_ds/inst'
Finished Parsing XDC File [e:/ComputerSystem/AWorkSpace/BluetoothCarHardWare/MIPSfpga_axi4_ddr/MIPSfpga_axi4_ddr.srcs/sources_1/bd/MIPSfpga_system/ip/MIPSfpga_system_auto_ds_2/MIPSfpga_system_auto_ds_2_clocks.xdc] for cell 'MIPSfpga_system_i/axi_interconnect_0/m02_couplers/auto_ds/inst'
Parsing XDC File [e:/ComputerSystem/AWorkSpace/BluetoothCarHardWare/MIPSfpga_axi4_ddr/MIPSfpga_axi4_ddr.srcs/sources_1/bd/MIPSfpga_system/ip/MIPSfpga_system_auto_ds_1/MIPSfpga_system_auto_ds_1_clocks.xdc] for cell 'MIPSfpga_system_i/axi_interconnect_0/m01_couplers/auto_ds/inst'
Finished Parsing XDC File [e:/ComputerSystem/AWorkSpace/BluetoothCarHardWare/MIPSfpga_axi4_ddr/MIPSfpga_axi4_ddr.srcs/sources_1/bd/MIPSfpga_system/ip/MIPSfpga_system_auto_ds_1/MIPSfpga_system_auto_ds_1_clocks.xdc] for cell 'MIPSfpga_system_i/axi_interconnect_0/m01_couplers/auto_ds/inst'
Parsing XDC File [e:/ComputerSystem/AWorkSpace/BluetoothCarHardWare/MIPSfpga_axi4_ddr/MIPSfpga_axi4_ddr.srcs/sources_1/bd/MIPSfpga_system/ip/MIPSfpga_system_auto_ds_0/MIPSfpga_system_auto_ds_0_clocks.xdc] for cell 'MIPSfpga_system_i/axi_interconnect_0/m00_couplers/auto_ds/inst'
Finished Parsing XDC File [e:/ComputerSystem/AWorkSpace/BluetoothCarHardWare/MIPSfpga_axi4_ddr/MIPSfpga_axi4_ddr.srcs/sources_1/bd/MIPSfpga_system/ip/MIPSfpga_system_auto_ds_0/MIPSfpga_system_auto_ds_0_clocks.xdc] for cell 'MIPSfpga_system_i/axi_interconnect_0/m00_couplers/auto_ds/inst'
Parsing XDC File [e:/ComputerSystem/AWorkSpace/BluetoothCarHardWare/MIPSfpga_axi4_ddr/MIPSfpga_axi4_ddr.srcs/sources_1/bd/MIPSfpga_system/ip/MIPSfpga_system_auto_us_0/MIPSfpga_system_auto_us_0_clocks.xdc] for cell 'MIPSfpga_system_i/axi_interconnect_0/s00_couplers/auto_us/inst'
Finished Parsing XDC File [e:/ComputerSystem/AWorkSpace/BluetoothCarHardWare/MIPSfpga_axi4_ddr/MIPSfpga_axi4_ddr.srcs/sources_1/bd/MIPSfpga_system/ip/MIPSfpga_system_auto_us_0/MIPSfpga_system_auto_us_0_clocks.xdc] for cell 'MIPSfpga_system_i/axi_interconnect_0/s00_couplers/auto_us/inst'
Sourcing Tcl File [C:/Xilinx/Vivado/2018.2/data/ip/xpm/xpm_cdc/tcl/xpm_cdc_async_rst.tcl] for cell 'MIPSfpga_system_i/axi_interconnect_0/m07_couplers/auto_ds/inst/gen_downsizer.gen_simple_downsizer.axi_downsizer_inst/USE_WRITE.write_addr_inst/USE_B_CHANNEL.cmd_b_queue/inst/fifo_gen_inst/inst_fifo_gen/gconvfifo.rf/grf.rf/rstblk/ngwrdrst.grst.g7serrst.gnsckt_wrst.rst_wr_reg2_inst'
Finished Sourcing Tcl File [C:/Xilinx/Vivado/2018.2/data/ip/xpm/xpm_cdc/tcl/xpm_cdc_async_rst.tcl] for cell 'MIPSfpga_system_i/axi_interconnect_0/m07_couplers/auto_ds/inst/gen_downsizer.gen_simple_downsizer.axi_downsizer_inst/USE_WRITE.write_addr_inst/USE_B_CHANNEL.cmd_b_queue/inst/fifo_gen_inst/inst_fifo_gen/gconvfifo.rf/grf.rf/rstblk/ngwrdrst.grst.g7serrst.gnsckt_wrst.rst_wr_reg2_inst'
Sourcing Tcl File [C:/Xilinx/Vivado/2018.2/data/ip/xpm/xpm_cdc/tcl/xpm_cdc_async_rst.tcl] for cell 'MIPSfpga_system_i/axi_interconnect_0/m06_couplers/auto_ds/inst/gen_downsizer.gen_simple_downsizer.axi_downsizer_inst/USE_READ.read_addr_inst/cmd_queue/inst/fifo_gen_inst/inst_fifo_gen/gconvfifo.rf/grf.rf/rstblk/ngwrdrst.grst.g7serrst.gnsckt_wrst.rst_wr_reg2_inst'
Finished Sourcing Tcl File [C:/Xilinx/Vivado/2018.2/data/ip/xpm/xpm_cdc/tcl/xpm_cdc_async_rst.tcl] for cell 'MIPSfpga_system_i/axi_interconnect_0/m06_couplers/auto_ds/inst/gen_downsizer.gen_simple_downsizer.axi_downsizer_inst/USE_READ.read_addr_inst/cmd_queue/inst/fifo_gen_inst/inst_fifo_gen/gconvfifo.rf/grf.rf/rstblk/ngwrdrst.grst.g7serrst.gnsckt_wrst.rst_wr_reg2_inst'
Sourcing Tcl File [C:/Xilinx/Vivado/2018.2/data/ip/xpm/xpm_cdc/tcl/xpm_cdc_async_rst.tcl] for cell 'MIPSfpga_system_i/axi_interconnect_0/m06_couplers/auto_ds/inst/gen_downsizer.gen_simple_downsizer.axi_downsizer_inst/USE_WRITE.write_addr_inst/cmd_queue/inst/fifo_gen_inst/inst_fifo_gen/gconvfifo.rf/grf.rf/rstblk/ngwrdrst.grst.g7serrst.gnsckt_wrst.rst_wr_reg2_inst'
Finished Sourcing Tcl File [C:/Xilinx/Vivado/2018.2/data/ip/xpm/xpm_cdc/tcl/xpm_cdc_async_rst.tcl] for cell 'MIPSfpga_system_i/axi_interconnect_0/m06_couplers/auto_ds/inst/gen_downsizer.gen_simple_downsizer.axi_downsizer_inst/USE_WRITE.write_addr_inst/cmd_queue/inst/fifo_gen_inst/inst_fifo_gen/gconvfifo.rf/grf.rf/rstblk/ngwrdrst.grst.g7serrst.gnsckt_wrst.rst_wr_reg2_inst'
Sourcing Tcl File [C:/Xilinx/Vivado/2018.2/data/ip/xpm/xpm_cdc/tcl/xpm_cdc_async_rst.tcl] for cell 'MIPSfpga_system_i/axi_interconnect_0/m06_couplers/auto_ds/inst/gen_downsizer.gen_simple_downsizer.axi_downsizer_inst/USE_WRITE.write_addr_inst/USE_B_CHANNEL.cmd_b_queue/inst/fifo_gen_inst/inst_fifo_gen/gconvfifo.rf/grf.rf/rstblk/ngwrdrst.grst.g7serrst.gnsckt_wrst.rst_wr_reg2_inst'
Finished Sourcing Tcl File [C:/Xilinx/Vivado/2018.2/data/ip/xpm/xpm_cdc/tcl/xpm_cdc_async_rst.tcl] for cell 'MIPSfpga_system_i/axi_interconnect_0/m06_couplers/auto_ds/inst/gen_downsizer.gen_simple_downsizer.axi_downsizer_inst/USE_WRITE.write_addr_inst/USE_B_CHANNEL.cmd_b_queue/inst/fifo_gen_inst/inst_fifo_gen/gconvfifo.rf/grf.rf/rstblk/ngwrdrst.grst.g7serrst.gnsckt_wrst.rst_wr_reg2_inst'
Sourcing Tcl File [C:/Xilinx/Vivado/2018.2/data/ip/xpm/xpm_cdc/tcl/xpm_cdc_async_rst.tcl] for cell 'MIPSfpga_system_i/axi_interconnect_0/m05_couplers/auto_ds/inst/gen_downsizer.gen_simple_downsizer.axi_downsizer_inst/USE_READ.read_addr_inst/cmd_queue/inst/fifo_gen_inst/inst_fifo_gen/gconvfifo.rf/grf.rf/rstblk/ngwrdrst.grst.g7serrst.gnsckt_wrst.rst_wr_reg2_inst'
Finished Sourcing Tcl File [C:/Xilinx/Vivado/2018.2/data/ip/xpm/xpm_cdc/tcl/xpm_cdc_async_rst.tcl] for cell 'MIPSfpga_system_i/axi_interconnect_0/m05_couplers/auto_ds/inst/gen_downsizer.gen_simple_downsizer.axi_downsizer_inst/USE_READ.read_addr_inst/cmd_queue/inst/fifo_gen_inst/inst_fifo_gen/gconvfifo.rf/grf.rf/rstblk/ngwrdrst.grst.g7serrst.gnsckt_wrst.rst_wr_reg2_inst'
Sourcing Tcl File [C:/Xilinx/Vivado/2018.2/data/ip/xpm/xpm_cdc/tcl/xpm_cdc_async_rst.tcl] for cell 'MIPSfpga_system_i/axi_interconnect_0/m05_couplers/auto_ds/inst/gen_downsizer.gen_simple_downsizer.axi_downsizer_inst/USE_WRITE.write_addr_inst/cmd_queue/inst/fifo_gen_inst/inst_fifo_gen/gconvfifo.rf/grf.rf/rstblk/ngwrdrst.grst.g7serrst.gnsckt_wrst.rst_wr_reg2_inst'
Finished Sourcing Tcl File [C:/Xilinx/Vivado/2018.2/data/ip/xpm/xpm_cdc/tcl/xpm_cdc_async_rst.tcl] for cell 'MIPSfpga_system_i/axi_interconnect_0/m05_couplers/auto_ds/inst/gen_downsizer.gen_simple_downsizer.axi_downsizer_inst/USE_WRITE.write_addr_inst/cmd_queue/inst/fifo_gen_inst/inst_fifo_gen/gconvfifo.rf/grf.rf/rstblk/ngwrdrst.grst.g7serrst.gnsckt_wrst.rst_wr_reg2_inst'
Sourcing Tcl File [C:/Xilinx/Vivado/2018.2/data/ip/xpm/xpm_cdc/tcl/xpm_cdc_async_rst.tcl] for cell 'MIPSfpga_system_i/axi_interconnect_0/m05_couplers/auto_ds/inst/gen_downsizer.gen_simple_downsizer.axi_downsizer_inst/USE_WRITE.write_addr_inst/USE_B_CHANNEL.cmd_b_queue/inst/fifo_gen_inst/inst_fifo_gen/gconvfifo.rf/grf.rf/rstblk/ngwrdrst.grst.g7serrst.gnsckt_wrst.rst_wr_reg2_inst'
Finished Sourcing Tcl File [C:/Xilinx/Vivado/2018.2/data/ip/xpm/xpm_cdc/tcl/xpm_cdc_async_rst.tcl] for cell 'MIPSfpga_system_i/axi_interconnect_0/m05_couplers/auto_ds/inst/gen_downsizer.gen_simple_downsizer.axi_downsizer_inst/USE_WRITE.write_addr_inst/USE_B_CHANNEL.cmd_b_queue/inst/fifo_gen_inst/inst_fifo_gen/gconvfifo.rf/grf.rf/rstblk/ngwrdrst.grst.g7serrst.gnsckt_wrst.rst_wr_reg2_inst'
Sourcing Tcl File [C:/Xilinx/Vivado/2018.2/data/ip/xpm/xpm_cdc/tcl/xpm_cdc_async_rst.tcl] for cell 'MIPSfpga_system_i/axi_interconnect_0/m03_couplers/auto_cc/inst/gen_clock_conv.gen_async_conv.asyncfifo_axi/inst_fifo_gen/gaxi_full_lite.gread_ch.grdch2.axi_rdch/grf.rf/rstblk/ngwrdrst.grst.g7serrst.gnsckt_wrst.rst_wr_reg2_inst'
Finished Sourcing Tcl File [C:/Xilinx/Vivado/2018.2/data/ip/xpm/xpm_cdc/tcl/xpm_cdc_async_rst.tcl] for cell 'MIPSfpga_system_i/axi_interconnect_0/m03_couplers/auto_cc/inst/gen_clock_conv.gen_async_conv.asyncfifo_axi/inst_fifo_gen/gaxi_full_lite.gread_ch.grdch2.axi_rdch/grf.rf/rstblk/ngwrdrst.grst.g7serrst.gnsckt_wrst.rst_wr_reg2_inst'
Sourcing Tcl File [C:/Xilinx/Vivado/2018.2/data/ip/xpm/xpm_cdc/tcl/xpm_cdc_async_rst.tcl] for cell 'MIPSfpga_system_i/axi_interconnect_0/m03_couplers/auto_cc/inst/gen_clock_conv.gen_async_conv.asyncfifo_axi/inst_fifo_gen/gaxi_full_lite.gread_ch.grdch2.axi_rdch/grf.rf/rstblk/ngwrdrst.grst.g7serrst.gnsckt_wrst.gic_rst.rst_rd_reg2_inst'
Finished Sourcing Tcl File [C:/Xilinx/Vivado/2018.2/data/ip/xpm/xpm_cdc/tcl/xpm_cdc_async_rst.tcl] for cell 'MIPSfpga_system_i/axi_interconnect_0/m03_couplers/auto_cc/inst/gen_clock_conv.gen_async_conv.asyncfifo_axi/inst_fifo_gen/gaxi_full_lite.gread_ch.grdch2.axi_rdch/grf.rf/rstblk/ngwrdrst.grst.g7serrst.gnsckt_wrst.gic_rst.rst_rd_reg2_inst'
Sourcing Tcl File [C:/Xilinx/Vivado/2018.2/data/ip/xpm/xpm_cdc/tcl/xpm_cdc_async_rst.tcl] for cell 'MIPSfpga_system_i/axi_interconnect_0/m03_couplers/auto_cc/inst/gen_clock_conv.gen_async_conv.asyncfifo_axi/inst_fifo_gen/gaxi_full_lite.gread_ch.grach2.axi_rach/grf.rf/rstblk/ngwrdrst.grst.g7serrst.gnsckt_wrst.rst_wr_reg2_inst'
Finished Sourcing Tcl File [C:/Xilinx/Vivado/2018.2/data/ip/xpm/xpm_cdc/tcl/xpm_cdc_async_rst.tcl] for cell 'MIPSfpga_system_i/axi_interconnect_0/m03_couplers/auto_cc/inst/gen_clock_conv.gen_async_conv.asyncfifo_axi/inst_fifo_gen/gaxi_full_lite.gread_ch.grach2.axi_rach/grf.rf/rstblk/ngwrdrst.grst.g7serrst.gnsckt_wrst.rst_wr_reg2_inst'
Sourcing Tcl File [C:/Xilinx/Vivado/2018.2/data/ip/xpm/xpm_cdc/tcl/xpm_cdc_async_rst.tcl] for cell 'MIPSfpga_system_i/axi_interconnect_0/m03_couplers/auto_cc/inst/gen_clock_conv.gen_async_conv.asyncfifo_axi/inst_fifo_gen/gaxi_full_lite.gread_ch.grach2.axi_rach/grf.rf/rstblk/ngwrdrst.grst.g7serrst.gnsckt_wrst.gic_rst.rst_rd_reg2_inst'
Finished Sourcing Tcl File [C:/Xilinx/Vivado/2018.2/data/ip/xpm/xpm_cdc/tcl/xpm_cdc_async_rst.tcl] for cell 'MIPSfpga_system_i/axi_interconnect_0/m03_couplers/auto_cc/inst/gen_clock_conv.gen_async_conv.asyncfifo_axi/inst_fifo_gen/gaxi_full_lite.gread_ch.grach2.axi_rach/grf.rf/rstblk/ngwrdrst.grst.g7serrst.gnsckt_wrst.gic_rst.rst_rd_reg2_inst'
Sourcing Tcl File [C:/Xilinx/Vivado/2018.2/data/ip/xpm/xpm_cdc/tcl/xpm_cdc_async_rst.tcl] for cell 'MIPSfpga_system_i/axi_interconnect_0/m03_couplers/auto_cc/inst/gen_clock_conv.gen_async_conv.asyncfifo_axi/inst_fifo_gen/gaxi_full_lite.gwrite_ch.gwrch2.axi_wrch/grf.rf/rstblk/ngwrdrst.grst.g7serrst.gnsckt_wrst.rst_wr_reg2_inst'
Finished Sourcing Tcl File [C:/Xilinx/Vivado/2018.2/data/ip/xpm/xpm_cdc/tcl/xpm_cdc_async_rst.tcl] for cell 'MIPSfpga_system_i/axi_interconnect_0/m03_couplers/auto_cc/inst/gen_clock_conv.gen_async_conv.asyncfifo_axi/inst_fifo_gen/gaxi_full_lite.gwrite_ch.gwrch2.axi_wrch/grf.rf/rstblk/ngwrdrst.grst.g7serrst.gnsckt_wrst.rst_wr_reg2_inst'
Sourcing Tcl File [C:/Xilinx/Vivado/2018.2/data/ip/xpm/xpm_cdc/tcl/xpm_cdc_async_rst.tcl] for cell 'MIPSfpga_system_i/axi_interconnect_0/m03_couplers/auto_cc/inst/gen_clock_conv.gen_async_conv.asyncfifo_axi/inst_fifo_gen/gaxi_full_lite.gwrite_ch.gwrch2.axi_wrch/grf.rf/rstblk/ngwrdrst.grst.g7serrst.gnsckt_wrst.gic_rst.rst_rd_reg2_inst'
Finished Sourcing Tcl File [C:/Xilinx/Vivado/2018.2/data/ip/xpm/xpm_cdc/tcl/xpm_cdc_async_rst.tcl] for cell 'MIPSfpga_system_i/axi_interconnect_0/m03_couplers/auto_cc/inst/gen_clock_conv.gen_async_conv.asyncfifo_axi/inst_fifo_gen/gaxi_full_lite.gwrite_ch.gwrch2.axi_wrch/grf.rf/rstblk/ngwrdrst.grst.g7serrst.gnsckt_wrst.gic_rst.rst_rd_reg2_inst'
Sourcing Tcl File [C:/Xilinx/Vivado/2018.2/data/ip/xpm/xpm_cdc/tcl/xpm_cdc_async_rst.tcl] for cell 'MIPSfpga_system_i/axi_interconnect_0/m03_couplers/auto_cc/inst/gen_clock_conv.gen_async_conv.asyncfifo_axi/inst_fifo_gen/gaxi_full_lite.gwrite_ch.gwdch2.axi_wdch/grf.rf/rstblk/ngwrdrst.grst.g7serrst.gnsckt_wrst.rst_wr_reg2_inst'
Finished Sourcing Tcl File [C:/Xilinx/Vivado/2018.2/data/ip/xpm/xpm_cdc/tcl/xpm_cdc_async_rst.tcl] for cell 'MIPSfpga_system_i/axi_interconnect_0/m03_couplers/auto_cc/inst/gen_clock_conv.gen_async_conv.asyncfifo_axi/inst_fifo_gen/gaxi_full_lite.gwrite_ch.gwdch2.axi_wdch/grf.rf/rstblk/ngwrdrst.grst.g7serrst.gnsckt_wrst.rst_wr_reg2_inst'
Sourcing Tcl File [C:/Xilinx/Vivado/2018.2/data/ip/xpm/xpm_cdc/tcl/xpm_cdc_async_rst.tcl] for cell 'MIPSfpga_system_i/axi_interconnect_0/m03_couplers/auto_cc/inst/gen_clock_conv.gen_async_conv.asyncfifo_axi/inst_fifo_gen/gaxi_full_lite.gwrite_ch.gwdch2.axi_wdch/grf.rf/rstblk/ngwrdrst.grst.g7serrst.gnsckt_wrst.gic_rst.rst_rd_reg2_inst'
Finished Sourcing Tcl File [C:/Xilinx/Vivado/2018.2/data/ip/xpm/xpm_cdc/tcl/xpm_cdc_async_rst.tcl] for cell 'MIPSfpga_system_i/axi_interconnect_0/m03_couplers/auto_cc/inst/gen_clock_conv.gen_async_conv.asyncfifo_axi/inst_fifo_gen/gaxi_full_lite.gwrite_ch.gwdch2.axi_wdch/grf.rf/rstblk/ngwrdrst.grst.g7serrst.gnsckt_wrst.gic_rst.rst_rd_reg2_inst'
Sourcing Tcl File [C:/Xilinx/Vivado/2018.2/data/ip/xpm/xpm_cdc/tcl/xpm_cdc_async_rst.tcl] for cell 'MIPSfpga_system_i/axi_interconnect_0/m03_couplers/auto_cc/inst/gen_clock_conv.gen_async_conv.asyncfifo_axi/inst_fifo_gen/gaxi_full_lite.gwrite_ch.gwach2.axi_wach/grf.rf/rstblk/ngwrdrst.grst.g7serrst.gnsckt_wrst.rst_wr_reg2_inst'
Finished Sourcing Tcl File [C:/Xilinx/Vivado/2018.2/data/ip/xpm/xpm_cdc/tcl/xpm_cdc_async_rst.tcl] for cell 'MIPSfpga_system_i/axi_interconnect_0/m03_couplers/auto_cc/inst/gen_clock_conv.gen_async_conv.asyncfifo_axi/inst_fifo_gen/gaxi_full_lite.gwrite_ch.gwach2.axi_wach/grf.rf/rstblk/ngwrdrst.grst.g7serrst.gnsckt_wrst.rst_wr_reg2_inst'
Sourcing Tcl File [C:/Xilinx/Vivado/2018.2/data/ip/xpm/xpm_cdc/tcl/xpm_cdc_async_rst.tcl] for cell 'MIPSfpga_system_i/axi_interconnect_0/m03_couplers/auto_cc/inst/gen_clock_conv.gen_async_conv.asyncfifo_axi/inst_fifo_gen/gaxi_full_lite.gwrite_ch.gwach2.axi_wach/grf.rf/rstblk/ngwrdrst.grst.g7serrst.gnsckt_wrst.gic_rst.rst_rd_reg2_inst'
Finished Sourcing Tcl File [C:/Xilinx/Vivado/2018.2/data/ip/xpm/xpm_cdc/tcl/xpm_cdc_async_rst.tcl] for cell 'MIPSfpga_system_i/axi_interconnect_0/m03_couplers/auto_cc/inst/gen_clock_conv.gen_async_conv.asyncfifo_axi/inst_fifo_gen/gaxi_full_lite.gwrite_ch.gwach2.axi_wach/grf.rf/rstblk/ngwrdrst.grst.g7serrst.gnsckt_wrst.gic_rst.rst_rd_reg2_inst'
Sourcing Tcl File [C:/Xilinx/Vivado/2018.2/data/ip/xpm/xpm_cdc/tcl/xpm_cdc_async_rst.tcl] for cell 'MIPSfpga_system_i/axi_interconnect_0/m02_couplers/auto_ds/inst/gen_downsizer.gen_simple_downsizer.axi_downsizer_inst/USE_READ.read_addr_inst/cmd_queue/inst/fifo_gen_inst/inst_fifo_gen/gconvfifo.rf/grf.rf/rstblk/ngwrdrst.grst.g7serrst.gnsckt_wrst.rst_wr_reg2_inst'
Finished Sourcing Tcl File [C:/Xilinx/Vivado/2018.2/data/ip/xpm/xpm_cdc/tcl/xpm_cdc_async_rst.tcl] for cell 'MIPSfpga_system_i/axi_interconnect_0/m02_couplers/auto_ds/inst/gen_downsizer.gen_simple_downsizer.axi_downsizer_inst/USE_READ.read_addr_inst/cmd_queue/inst/fifo_gen_inst/inst_fifo_gen/gconvfifo.rf/grf.rf/rstblk/ngwrdrst.grst.g7serrst.gnsckt_wrst.rst_wr_reg2_inst'
Sourcing Tcl File [C:/Xilinx/Vivado/2018.2/data/ip/xpm/xpm_cdc/tcl/xpm_cdc_async_rst.tcl] for cell 'MIPSfpga_system_i/axi_interconnect_0/m02_couplers/auto_ds/inst/gen_downsizer.gen_simple_downsizer.axi_downsizer_inst/USE_WRITE.write_addr_inst/cmd_queue/inst/fifo_gen_inst/inst_fifo_gen/gconvfifo.rf/grf.rf/rstblk/ngwrdrst.grst.g7serrst.gnsckt_wrst.rst_wr_reg2_inst'
Finished Sourcing Tcl File [C:/Xilinx/Vivado/2018.2/data/ip/xpm/xpm_cdc/tcl/xpm_cdc_async_rst.tcl] for cell 'MIPSfpga_system_i/axi_interconnect_0/m02_couplers/auto_ds/inst/gen_downsizer.gen_simple_downsizer.axi_downsizer_inst/USE_WRITE.write_addr_inst/cmd_queue/inst/fifo_gen_inst/inst_fifo_gen/gconvfifo.rf/grf.rf/rstblk/ngwrdrst.grst.g7serrst.gnsckt_wrst.rst_wr_reg2_inst'
Sourcing Tcl File [C:/Xilinx/Vivado/2018.2/data/ip/xpm/xpm_cdc/tcl/xpm_cdc_async_rst.tcl] for cell 'MIPSfpga_system_i/axi_interconnect_0/m02_couplers/auto_ds/inst/gen_downsizer.gen_simple_downsizer.axi_downsizer_inst/USE_WRITE.write_addr_inst/USE_B_CHANNEL.cmd_b_queue/inst/fifo_gen_inst/inst_fifo_gen/gconvfifo.rf/grf.rf/rstblk/ngwrdrst.grst.g7serrst.gnsckt_wrst.rst_wr_reg2_inst'
Finished Sourcing Tcl File [C:/Xilinx/Vivado/2018.2/data/ip/xpm/xpm_cdc/tcl/xpm_cdc_async_rst.tcl] for cell 'MIPSfpga_system_i/axi_interconnect_0/m02_couplers/auto_ds/inst/gen_downsizer.gen_simple_downsizer.axi_downsizer_inst/USE_WRITE.write_addr_inst/USE_B_CHANNEL.cmd_b_queue/inst/fifo_gen_inst/inst_fifo_gen/gconvfifo.rf/grf.rf/rstblk/ngwrdrst.grst.g7serrst.gnsckt_wrst.rst_wr_reg2_inst'
Sourcing Tcl File [C:/Xilinx/Vivado/2018.2/data/ip/xpm/xpm_cdc/tcl/xpm_cdc_async_rst.tcl] for cell 'MIPSfpga_system_i/axi_interconnect_0/m00_couplers/auto_ds/inst/gen_downsizer.gen_simple_downsizer.axi_downsizer_inst/USE_READ.read_addr_inst/cmd_queue/inst/fifo_gen_inst/inst_fifo_gen/gconvfifo.rf/grf.rf/rstblk/ngwrdrst.grst.g7serrst.gnsckt_wrst.rst_wr_reg2_inst'
Finished Sourcing Tcl File [C:/Xilinx/Vivado/2018.2/data/ip/xpm/xpm_cdc/tcl/xpm_cdc_async_rst.tcl] for cell 'MIPSfpga_system_i/axi_interconnect_0/m00_couplers/auto_ds/inst/gen_downsizer.gen_simple_downsizer.axi_downsizer_inst/USE_READ.read_addr_inst/cmd_queue/inst/fifo_gen_inst/inst_fifo_gen/gconvfifo.rf/grf.rf/rstblk/ngwrdrst.grst.g7serrst.gnsckt_wrst.rst_wr_reg2_inst'
Sourcing Tcl File [C:/Xilinx/Vivado/2018.2/data/ip/xpm/xpm_cdc/tcl/xpm_cdc_async_rst.tcl] for cell 'MIPSfpga_system_i/axi_interconnect_0/m00_couplers/auto_ds/inst/gen_downsizer.gen_simple_downsizer.axi_downsizer_inst/USE_WRITE.write_addr_inst/cmd_queue/inst/fifo_gen_inst/inst_fifo_gen/gconvfifo.rf/grf.rf/rstblk/ngwrdrst.grst.g7serrst.gnsckt_wrst.rst_wr_reg2_inst'
Finished Sourcing Tcl File [C:/Xilinx/Vivado/2018.2/data/ip/xpm/xpm_cdc/tcl/xpm_cdc_async_rst.tcl] for cell 'MIPSfpga_system_i/axi_interconnect_0/m00_couplers/auto_ds/inst/gen_downsizer.gen_simple_downsizer.axi_downsizer_inst/USE_WRITE.write_addr_inst/cmd_queue/inst/fifo_gen_inst/inst_fifo_gen/gconvfifo.rf/grf.rf/rstblk/ngwrdrst.grst.g7serrst.gnsckt_wrst.rst_wr_reg2_inst'
Sourcing Tcl File [C:/Xilinx/Vivado/2018.2/data/ip/xpm/xpm_cdc/tcl/xpm_cdc_async_rst.tcl] for cell 'MIPSfpga_system_i/axi_interconnect_0/m00_couplers/auto_ds/inst/gen_downsizer.gen_simple_downsizer.axi_downsizer_inst/USE_WRITE.write_addr_inst/USE_B_CHANNEL.cmd_b_queue/inst/fifo_gen_inst/inst_fifo_gen/gconvfifo.rf/grf.rf/rstblk/ngwrdrst.grst.g7serrst.gnsckt_wrst.rst_wr_reg2_inst'
Finished Sourcing Tcl File [C:/Xilinx/Vivado/2018.2/data/ip/xpm/xpm_cdc/tcl/xpm_cdc_async_rst.tcl] for cell 'MIPSfpga_system_i/axi_interconnect_0/m00_couplers/auto_ds/inst/gen_downsizer.gen_simple_downsizer.axi_downsizer_inst/USE_WRITE.write_addr_inst/USE_B_CHANNEL.cmd_b_queue/inst/fifo_gen_inst/inst_fifo_gen/gconvfifo.rf/grf.rf/rstblk/ngwrdrst.grst.g7serrst.gnsckt_wrst.rst_wr_reg2_inst'
Sourcing Tcl File [C:/Xilinx/Vivado/2018.2/data/ip/xpm/xpm_cdc/tcl/xpm_cdc_async_rst.tcl] for cell 'MIPSfpga_system_i/axi_interconnect_0/m01_couplers/auto_ds/inst/gen_downsizer.gen_simple_downsizer.axi_downsizer_inst/USE_READ.read_addr_inst/cmd_queue/inst/fifo_gen_inst/inst_fifo_gen/gconvfifo.rf/grf.rf/rstblk/ngwrdrst.grst.g7serrst.gnsckt_wrst.rst_wr_reg2_inst'
Finished Sourcing Tcl File [C:/Xilinx/Vivado/2018.2/data/ip/xpm/xpm_cdc/tcl/xpm_cdc_async_rst.tcl] for cell 'MIPSfpga_system_i/axi_interconnect_0/m01_couplers/auto_ds/inst/gen_downsizer.gen_simple_downsizer.axi_downsizer_inst/USE_READ.read_addr_inst/cmd_queue/inst/fifo_gen_inst/inst_fifo_gen/gconvfifo.rf/grf.rf/rstblk/ngwrdrst.grst.g7serrst.gnsckt_wrst.rst_wr_reg2_inst'
Sourcing Tcl File [C:/Xilinx/Vivado/2018.2/data/ip/xpm/xpm_cdc/tcl/xpm_cdc_async_rst.tcl] for cell 'MIPSfpga_system_i/axi_interconnect_0/m01_couplers/auto_ds/inst/gen_downsizer.gen_simple_downsizer.axi_downsizer_inst/USE_WRITE.write_addr_inst/cmd_queue/inst/fifo_gen_inst/inst_fifo_gen/gconvfifo.rf/grf.rf/rstblk/ngwrdrst.grst.g7serrst.gnsckt_wrst.rst_wr_reg2_inst'
Finished Sourcing Tcl File [C:/Xilinx/Vivado/2018.2/data/ip/xpm/xpm_cdc/tcl/xpm_cdc_async_rst.tcl] for cell 'MIPSfpga_system_i/axi_interconnect_0/m01_couplers/auto_ds/inst/gen_downsizer.gen_simple_downsizer.axi_downsizer_inst/USE_WRITE.write_addr_inst/cmd_queue/inst/fifo_gen_inst/inst_fifo_gen/gconvfifo.rf/grf.rf/rstblk/ngwrdrst.grst.g7serrst.gnsckt_wrst.rst_wr_reg2_inst'
Sourcing Tcl File [C:/Xilinx/Vivado/2018.2/data/ip/xpm/xpm_cdc/tcl/xpm_cdc_async_rst.tcl] for cell 'MIPSfpga_system_i/axi_interconnect_0/m01_couplers/auto_ds/inst/gen_downsizer.gen_simple_downsizer.axi_downsizer_inst/USE_WRITE.write_addr_inst/USE_B_CHANNEL.cmd_b_queue/inst/fifo_gen_inst/inst_fifo_gen/gconvfifo.rf/grf.rf/rstblk/ngwrdrst.grst.g7serrst.gnsckt_wrst.rst_wr_reg2_inst'
Finished Sourcing Tcl File [C:/Xilinx/Vivado/2018.2/data/ip/xpm/xpm_cdc/tcl/xpm_cdc_async_rst.tcl] for cell 'MIPSfpga_system_i/axi_interconnect_0/m01_couplers/auto_ds/inst/gen_downsizer.gen_simple_downsizer.axi_downsizer_inst/USE_WRITE.write_addr_inst/USE_B_CHANNEL.cmd_b_queue/inst/fifo_gen_inst/inst_fifo_gen/gconvfifo.rf/grf.rf/rstblk/ngwrdrst.grst.g7serrst.gnsckt_wrst.rst_wr_reg2_inst'
Sourcing Tcl File [C:/Xilinx/Vivado/2018.2/data/ip/xpm/xpm_cdc/tcl/xpm_cdc_async_rst.tcl] for cell 'MIPSfpga_system_i/axi_interconnect_0/m04_couplers/auto_ds/inst/gen_downsizer.gen_simple_downsizer.axi_downsizer_inst/USE_READ.read_addr_inst/cmd_queue/inst/fifo_gen_inst/inst_fifo_gen/gconvfifo.rf/grf.rf/rstblk/ngwrdrst.grst.g7serrst.gnsckt_wrst.rst_wr_reg2_inst'
Finished Sourcing Tcl File [C:/Xilinx/Vivado/2018.2/data/ip/xpm/xpm_cdc/tcl/xpm_cdc_async_rst.tcl] for cell 'MIPSfpga_system_i/axi_interconnect_0/m04_couplers/auto_ds/inst/gen_downsizer.gen_simple_downsizer.axi_downsizer_inst/USE_READ.read_addr_inst/cmd_queue/inst/fifo_gen_inst/inst_fifo_gen/gconvfifo.rf/grf.rf/rstblk/ngwrdrst.grst.g7serrst.gnsckt_wrst.rst_wr_reg2_inst'
Sourcing Tcl File [C:/Xilinx/Vivado/2018.2/data/ip/xpm/xpm_cdc/tcl/xpm_cdc_async_rst.tcl] for cell 'MIPSfpga_system_i/axi_interconnect_0/m04_couplers/auto_ds/inst/gen_downsizer.gen_simple_downsizer.axi_downsizer_inst/USE_WRITE.write_addr_inst/cmd_queue/inst/fifo_gen_inst/inst_fifo_gen/gconvfifo.rf/grf.rf/rstblk/ngwrdrst.grst.g7serrst.gnsckt_wrst.rst_wr_reg2_inst'
Finished Sourcing Tcl File [C:/Xilinx/Vivado/2018.2/data/ip/xpm/xpm_cdc/tcl/xpm_cdc_async_rst.tcl] for cell 'MIPSfpga_system_i/axi_interconnect_0/m04_couplers/auto_ds/inst/gen_downsizer.gen_simple_downsizer.axi_downsizer_inst/USE_WRITE.write_addr_inst/cmd_queue/inst/fifo_gen_inst/inst_fifo_gen/gconvfifo.rf/grf.rf/rstblk/ngwrdrst.grst.g7serrst.gnsckt_wrst.rst_wr_reg2_inst'
Sourcing Tcl File [C:/Xilinx/Vivado/2018.2/data/ip/xpm/xpm_cdc/tcl/xpm_cdc_async_rst.tcl] for cell 'MIPSfpga_system_i/axi_interconnect_0/m04_couplers/auto_ds/inst/gen_downsizer.gen_simple_downsizer.axi_downsizer_inst/USE_WRITE.write_addr_inst/USE_B_CHANNEL.cmd_b_queue/inst/fifo_gen_inst/inst_fifo_gen/gconvfifo.rf/grf.rf/rstblk/ngwrdrst.grst.g7serrst.gnsckt_wrst.rst_wr_reg2_inst'
Finished Sourcing Tcl File [C:/Xilinx/Vivado/2018.2/data/ip/xpm/xpm_cdc/tcl/xpm_cdc_async_rst.tcl] for cell 'MIPSfpga_system_i/axi_interconnect_0/m04_couplers/auto_ds/inst/gen_downsizer.gen_simple_downsizer.axi_downsizer_inst/USE_WRITE.write_addr_inst/USE_B_CHANNEL.cmd_b_queue/inst/fifo_gen_inst/inst_fifo_gen/gconvfifo.rf/grf.rf/rstblk/ngwrdrst.grst.g7serrst.gnsckt_wrst.rst_wr_reg2_inst'
Sourcing Tcl File [C:/Xilinx/Vivado/2018.2/data/ip/xpm/xpm_cdc/tcl/xpm_cdc_async_rst.tcl] for cell 'MIPSfpga_system_i/axi_interconnect_0/m07_couplers/auto_ds/inst/gen_downsizer.gen_simple_downsizer.axi_downsizer_inst/USE_READ.read_addr_inst/cmd_queue/inst/fifo_gen_inst/inst_fifo_gen/gconvfifo.rf/grf.rf/rstblk/ngwrdrst.grst.g7serrst.gnsckt_wrst.rst_wr_reg2_inst'
Finished Sourcing Tcl File [C:/Xilinx/Vivado/2018.2/data/ip/xpm/xpm_cdc/tcl/xpm_cdc_async_rst.tcl] for cell 'MIPSfpga_system_i/axi_interconnect_0/m07_couplers/auto_ds/inst/gen_downsizer.gen_simple_downsizer.axi_downsizer_inst/USE_READ.read_addr_inst/cmd_queue/inst/fifo_gen_inst/inst_fifo_gen/gconvfifo.rf/grf.rf/rstblk/ngwrdrst.grst.g7serrst.gnsckt_wrst.rst_wr_reg2_inst'
Sourcing Tcl File [C:/Xilinx/Vivado/2018.2/data/ip/xpm/xpm_cdc/tcl/xpm_cdc_async_rst.tcl] for cell 'MIPSfpga_system_i/axi_interconnect_0/m07_couplers/auto_ds/inst/gen_downsizer.gen_simple_downsizer.axi_downsizer_inst/USE_WRITE.write_addr_inst/cmd_queue/inst/fifo_gen_inst/inst_fifo_gen/gconvfifo.rf/grf.rf/rstblk/ngwrdrst.grst.g7serrst.gnsckt_wrst.rst_wr_reg2_inst'
Finished Sourcing Tcl File [C:/Xilinx/Vivado/2018.2/data/ip/xpm/xpm_cdc/tcl/xpm_cdc_async_rst.tcl] for cell 'MIPSfpga_system_i/axi_interconnect_0/m07_couplers/auto_ds/inst/gen_downsizer.gen_simple_downsizer.axi_downsizer_inst/USE_WRITE.write_addr_inst/cmd_queue/inst/fifo_gen_inst/inst_fifo_gen/gconvfifo.rf/grf.rf/rstblk/ngwrdrst.grst.g7serrst.gnsckt_wrst.rst_wr_reg2_inst'
Sourcing Tcl File [C:/Xilinx/Vivado/2018.2/data/ip/xpm/xpm_cdc/tcl/xpm_cdc_gray.tcl] for cell 'MIPSfpga_system_i/axi_interconnect_0/m03_couplers/auto_cc/inst/gen_clock_conv.gen_async_conv.asyncfifo_axi/inst_fifo_gen/gaxi_full_lite.gwrite_ch.gwach2.axi_wach/grf.rf/gntv_or_sync_fifo.gcx.clkx/rd_pntr_cdc_inst'
Finished Sourcing Tcl File [C:/Xilinx/Vivado/2018.2/data/ip/xpm/xpm_cdc/tcl/xpm_cdc_gray.tcl] for cell 'MIPSfpga_system_i/axi_interconnect_0/m03_couplers/auto_cc/inst/gen_clock_conv.gen_async_conv.asyncfifo_axi/inst_fifo_gen/gaxi_full_lite.gwrite_ch.gwach2.axi_wach/grf.rf/gntv_or_sync_fifo.gcx.clkx/rd_pntr_cdc_inst'
Sourcing Tcl File [C:/Xilinx/Vivado/2018.2/data/ip/xpm/xpm_cdc/tcl/xpm_cdc_gray.tcl] for cell 'MIPSfpga_system_i/axi_interconnect_0/m03_couplers/auto_cc/inst/gen_clock_conv.gen_async_conv.asyncfifo_axi/inst_fifo_gen/gaxi_full_lite.gwrite_ch.gwrch2.axi_wrch/grf.rf/gntv_or_sync_fifo.gcx.clkx/rd_pntr_cdc_inst'
Finished Sourcing Tcl File [C:/Xilinx/Vivado/2018.2/data/ip/xpm/xpm_cdc/tcl/xpm_cdc_gray.tcl] for cell 'MIPSfpga_system_i/axi_interconnect_0/m03_couplers/auto_cc/inst/gen_clock_conv.gen_async_conv.asyncfifo_axi/inst_fifo_gen/gaxi_full_lite.gwrite_ch.gwrch2.axi_wrch/grf.rf/gntv_or_sync_fifo.gcx.clkx/rd_pntr_cdc_inst'
Sourcing Tcl File [C:/Xilinx/Vivado/2018.2/data/ip/xpm/xpm_cdc/tcl/xpm_cdc_gray.tcl] for cell 'MIPSfpga_system_i/axi_interconnect_0/m03_couplers/auto_cc/inst/gen_clock_conv.gen_async_conv.asyncfifo_axi/inst_fifo_gen/gaxi_full_lite.gwrite_ch.gwdch2.axi_wdch/grf.rf/gntv_or_sync_fifo.gcx.clkx/wr_pntr_cdc_inst'
Finished Sourcing Tcl File [C:/Xilinx/Vivado/2018.2/data/ip/xpm/xpm_cdc/tcl/xpm_cdc_gray.tcl] for cell 'MIPSfpga_system_i/axi_interconnect_0/m03_couplers/auto_cc/inst/gen_clock_conv.gen_async_conv.asyncfifo_axi/inst_fifo_gen/gaxi_full_lite.gwrite_ch.gwdch2.axi_wdch/grf.rf/gntv_or_sync_fifo.gcx.clkx/wr_pntr_cdc_inst'
Sourcing Tcl File [C:/Xilinx/Vivado/2018.2/data/ip/xpm/xpm_cdc/tcl/xpm_cdc_gray.tcl] for cell 'MIPSfpga_system_i/axi_interconnect_0/m03_couplers/auto_cc/inst/gen_clock_conv.gen_async_conv.asyncfifo_axi/inst_fifo_gen/gaxi_full_lite.gwrite_ch.gwdch2.axi_wdch/grf.rf/gntv_or_sync_fifo.gcx.clkx/rd_pntr_cdc_inst'
Finished Sourcing Tcl File [C:/Xilinx/Vivado/2018.2/data/ip/xpm/xpm_cdc/tcl/xpm_cdc_gray.tcl] for cell 'MIPSfpga_system_i/axi_interconnect_0/m03_couplers/auto_cc/inst/gen_clock_conv.gen_async_conv.asyncfifo_axi/inst_fifo_gen/gaxi_full_lite.gwrite_ch.gwdch2.axi_wdch/grf.rf/gntv_or_sync_fifo.gcx.clkx/rd_pntr_cdc_inst'
Sourcing Tcl File [C:/Xilinx/Vivado/2018.2/data/ip/xpm/xpm_cdc/tcl/xpm_cdc_gray.tcl] for cell 'MIPSfpga_system_i/axi_interconnect_0/m03_couplers/auto_cc/inst/gen_clock_conv.gen_async_conv.asyncfifo_axi/inst_fifo_gen/gaxi_full_lite.gwrite_ch.gwach2.axi_wach/grf.rf/gntv_or_sync_fifo.gcx.clkx/wr_pntr_cdc_inst'
Finished Sourcing Tcl File [C:/Xilinx/Vivado/2018.2/data/ip/xpm/xpm_cdc/tcl/xpm_cdc_gray.tcl] for cell 'MIPSfpga_system_i/axi_interconnect_0/m03_couplers/auto_cc/inst/gen_clock_conv.gen_async_conv.asyncfifo_axi/inst_fifo_gen/gaxi_full_lite.gwrite_ch.gwach2.axi_wach/grf.rf/gntv_or_sync_fifo.gcx.clkx/wr_pntr_cdc_inst'
Sourcing Tcl File [C:/Xilinx/Vivado/2018.2/data/ip/xpm/xpm_cdc/tcl/xpm_cdc_gray.tcl] for cell 'MIPSfpga_system_i/axi_interconnect_0/m03_couplers/auto_cc/inst/gen_clock_conv.gen_async_conv.asyncfifo_axi/inst_fifo_gen/gaxi_full_lite.gread_ch.grdch2.axi_rdch/grf.rf/gntv_or_sync_fifo.gcx.clkx/wr_pntr_cdc_inst'
Finished Sourcing Tcl File [C:/Xilinx/Vivado/2018.2/data/ip/xpm/xpm_cdc/tcl/xpm_cdc_gray.tcl] for cell 'MIPSfpga_system_i/axi_interconnect_0/m03_couplers/auto_cc/inst/gen_clock_conv.gen_async_conv.asyncfifo_axi/inst_fifo_gen/gaxi_full_lite.gread_ch.grdch2.axi_rdch/grf.rf/gntv_or_sync_fifo.gcx.clkx/wr_pntr_cdc_inst'
Sourcing Tcl File [C:/Xilinx/Vivado/2018.2/data/ip/xpm/xpm_cdc/tcl/xpm_cdc_gray.tcl] for cell 'MIPSfpga_system_i/axi_interconnect_0/m03_couplers/auto_cc/inst/gen_clock_conv.gen_async_conv.asyncfifo_axi/inst_fifo_gen/gaxi_full_lite.gread_ch.grdch2.axi_rdch/grf.rf/gntv_or_sync_fifo.gcx.clkx/rd_pntr_cdc_inst'
Finished Sourcing Tcl File [C:/Xilinx/Vivado/2018.2/data/ip/xpm/xpm_cdc/tcl/xpm_cdc_gray.tcl] for cell 'MIPSfpga_system_i/axi_interconnect_0/m03_couplers/auto_cc/inst/gen_clock_conv.gen_async_conv.asyncfifo_axi/inst_fifo_gen/gaxi_full_lite.gread_ch.grdch2.axi_rdch/grf.rf/gntv_or_sync_fifo.gcx.clkx/rd_pntr_cdc_inst'
Sourcing Tcl File [C:/Xilinx/Vivado/2018.2/data/ip/xpm/xpm_cdc/tcl/xpm_cdc_gray.tcl] for cell 'MIPSfpga_system_i/axi_interconnect_0/m03_couplers/auto_cc/inst/gen_clock_conv.gen_async_conv.asyncfifo_axi/inst_fifo_gen/gaxi_full_lite.gread_ch.grach2.axi_rach/grf.rf/gntv_or_sync_fifo.gcx.clkx/wr_pntr_cdc_inst'
Finished Sourcing Tcl File [C:/Xilinx/Vivado/2018.2/data/ip/xpm/xpm_cdc/tcl/xpm_cdc_gray.tcl] for cell 'MIPSfpga_system_i/axi_interconnect_0/m03_couplers/auto_cc/inst/gen_clock_conv.gen_async_conv.asyncfifo_axi/inst_fifo_gen/gaxi_full_lite.gread_ch.grach2.axi_rach/grf.rf/gntv_or_sync_fifo.gcx.clkx/wr_pntr_cdc_inst'
Sourcing Tcl File [C:/Xilinx/Vivado/2018.2/data/ip/xpm/xpm_cdc/tcl/xpm_cdc_gray.tcl] for cell 'MIPSfpga_system_i/axi_interconnect_0/m03_couplers/auto_cc/inst/gen_clock_conv.gen_async_conv.asyncfifo_axi/inst_fifo_gen/gaxi_full_lite.gread_ch.grach2.axi_rach/grf.rf/gntv_or_sync_fifo.gcx.clkx/rd_pntr_cdc_inst'
Finished Sourcing Tcl File [C:/Xilinx/Vivado/2018.2/data/ip/xpm/xpm_cdc/tcl/xpm_cdc_gray.tcl] for cell 'MIPSfpga_system_i/axi_interconnect_0/m03_couplers/auto_cc/inst/gen_clock_conv.gen_async_conv.asyncfifo_axi/inst_fifo_gen/gaxi_full_lite.gread_ch.grach2.axi_rach/grf.rf/gntv_or_sync_fifo.gcx.clkx/rd_pntr_cdc_inst'
Sourcing Tcl File [C:/Xilinx/Vivado/2018.2/data/ip/xpm/xpm_cdc/tcl/xpm_cdc_gray.tcl] for cell 'MIPSfpga_system_i/axi_interconnect_0/m03_couplers/auto_cc/inst/gen_clock_conv.gen_async_conv.asyncfifo_axi/inst_fifo_gen/gaxi_full_lite.gwrite_ch.gwrch2.axi_wrch/grf.rf/gntv_or_sync_fifo.gcx.clkx/wr_pntr_cdc_inst'
Finished Sourcing Tcl File [C:/Xilinx/Vivado/2018.2/data/ip/xpm/xpm_cdc/tcl/xpm_cdc_gray.tcl] for cell 'MIPSfpga_system_i/axi_interconnect_0/m03_couplers/auto_cc/inst/gen_clock_conv.gen_async_conv.asyncfifo_axi/inst_fifo_gen/gaxi_full_lite.gwrite_ch.gwrch2.axi_wrch/grf.rf/gntv_or_sync_fifo.gcx.clkx/wr_pntr_cdc_inst'
Sourcing Tcl File [C:/Xilinx/Vivado/2018.2/data/ip/xpm/xpm_cdc/tcl/xpm_cdc_single.tcl] for cell 'MIPSfpga_system_i/axi_interconnect_0/m03_couplers/auto_cc/inst/gen_clock_conv.gen_async_conv.asyncfifo_axi/inst_fifo_gen/gaxi_full_lite.gwrite_ch.gwach2.axi_wach/grf.rf/rstblk/ngwrdrst.grst.g7serrst.gnsckt_wrst.gic_rst.xpm_cdc_single_inst_rrst_wr'
Finished Sourcing Tcl File [C:/Xilinx/Vivado/2018.2/data/ip/xpm/xpm_cdc/tcl/xpm_cdc_single.tcl] for cell 'MIPSfpga_system_i/axi_interconnect_0/m03_couplers/auto_cc/inst/gen_clock_conv.gen_async_conv.asyncfifo_axi/inst_fifo_gen/gaxi_full_lite.gwrite_ch.gwach2.axi_wach/grf.rf/rstblk/ngwrdrst.grst.g7serrst.gnsckt_wrst.gic_rst.xpm_cdc_single_inst_rrst_wr'
Sourcing Tcl File [C:/Xilinx/Vivado/2018.2/data/ip/xpm/xpm_cdc/tcl/xpm_cdc_single.tcl] for cell 'MIPSfpga_system_i/axi_interconnect_0/m03_couplers/auto_cc/inst/gen_clock_conv.gen_async_conv.asyncfifo_axi/inst_fifo_gen/gaxi_full_lite.gwrite_ch.gwrch2.axi_wrch/grf.rf/rstblk/ngwrdrst.grst.g7serrst.gnsckt_wrst.gic_rst.xpm_cdc_single_inst_rrst_wr'
Finished Sourcing Tcl File [C:/Xilinx/Vivado/2018.2/data/ip/xpm/xpm_cdc/tcl/xpm_cdc_single.tcl] for cell 'MIPSfpga_system_i/axi_interconnect_0/m03_couplers/auto_cc/inst/gen_clock_conv.gen_async_conv.asyncfifo_axi/inst_fifo_gen/gaxi_full_lite.gwrite_ch.gwrch2.axi_wrch/grf.rf/rstblk/ngwrdrst.grst.g7serrst.gnsckt_wrst.gic_rst.xpm_cdc_single_inst_rrst_wr'
Sourcing Tcl File [C:/Xilinx/Vivado/2018.2/data/ip/xpm/xpm_cdc/tcl/xpm_cdc_single.tcl] for cell 'MIPSfpga_system_i/axi_interconnect_0/m03_couplers/auto_cc/inst/gen_clock_conv.gen_async_conv.asyncfifo_axi/inst_fifo_gen/gaxi_full_lite.gwrite_ch.gwdch2.axi_wdch/grf.rf/rstblk/ngwrdrst.grst.g7serrst.gnsckt_wrst.gic_rst.xpm_cdc_single_inst_wrst_rd'
Finished Sourcing Tcl File [C:/Xilinx/Vivado/2018.2/data/ip/xpm/xpm_cdc/tcl/xpm_cdc_single.tcl] for cell 'MIPSfpga_system_i/axi_interconnect_0/m03_couplers/auto_cc/inst/gen_clock_conv.gen_async_conv.asyncfifo_axi/inst_fifo_gen/gaxi_full_lite.gwrite_ch.gwdch2.axi_wdch/grf.rf/rstblk/ngwrdrst.grst.g7serrst.gnsckt_wrst.gic_rst.xpm_cdc_single_inst_wrst_rd'
Sourcing Tcl File [C:/Xilinx/Vivado/2018.2/data/ip/xpm/xpm_cdc/tcl/xpm_cdc_single.tcl] for cell 'MIPSfpga_system_i/axi_interconnect_0/m03_couplers/auto_cc/inst/gen_clock_conv.gen_async_conv.asyncfifo_axi/inst_fifo_gen/gaxi_full_lite.gwrite_ch.gwdch2.axi_wdch/grf.rf/rstblk/ngwrdrst.grst.g7serrst.gnsckt_wrst.gic_rst.xpm_cdc_single_inst_rrst_wr'
Finished Sourcing Tcl File [C:/Xilinx/Vivado/2018.2/data/ip/xpm/xpm_cdc/tcl/xpm_cdc_single.tcl] for cell 'MIPSfpga_system_i/axi_interconnect_0/m03_couplers/auto_cc/inst/gen_clock_conv.gen_async_conv.asyncfifo_axi/inst_fifo_gen/gaxi_full_lite.gwrite_ch.gwdch2.axi_wdch/grf.rf/rstblk/ngwrdrst.grst.g7serrst.gnsckt_wrst.gic_rst.xpm_cdc_single_inst_rrst_wr'
Sourcing Tcl File [C:/Xilinx/Vivado/2018.2/data/ip/xpm/xpm_cdc/tcl/xpm_cdc_single.tcl] for cell 'MIPSfpga_system_i/axi_interconnect_0/m03_couplers/auto_cc/inst/gen_clock_conv.gen_async_conv.asyncfifo_axi/inst_fifo_gen/gaxi_full_lite.gwrite_ch.gwach2.axi_wach/grf.rf/rstblk/ngwrdrst.grst.g7serrst.gnsckt_wrst.gic_rst.xpm_cdc_single_inst_wrst_rd'
Finished Sourcing Tcl File [C:/Xilinx/Vivado/2018.2/data/ip/xpm/xpm_cdc/tcl/xpm_cdc_single.tcl] for cell 'MIPSfpga_system_i/axi_interconnect_0/m03_couplers/auto_cc/inst/gen_clock_conv.gen_async_conv.asyncfifo_axi/inst_fifo_gen/gaxi_full_lite.gwrite_ch.gwach2.axi_wach/grf.rf/rstblk/ngwrdrst.grst.g7serrst.gnsckt_wrst.gic_rst.xpm_cdc_single_inst_wrst_rd'
Sourcing Tcl File [C:/Xilinx/Vivado/2018.2/data/ip/xpm/xpm_cdc/tcl/xpm_cdc_single.tcl] for cell 'MIPSfpga_system_i/axi_interconnect_0/m03_couplers/auto_cc/inst/gen_clock_conv.gen_async_conv.asyncfifo_axi/inst_fifo_gen/gaxi_full_lite.gread_ch.grdch2.axi_rdch/grf.rf/rstblk/ngwrdrst.grst.g7serrst.gnsckt_wrst.gic_rst.xpm_cdc_single_inst_wrst_rd'
Finished Sourcing Tcl File [C:/Xilinx/Vivado/2018.2/data/ip/xpm/xpm_cdc/tcl/xpm_cdc_single.tcl] for cell 'MIPSfpga_system_i/axi_interconnect_0/m03_couplers/auto_cc/inst/gen_clock_conv.gen_async_conv.asyncfifo_axi/inst_fifo_gen/gaxi_full_lite.gread_ch.grdch2.axi_rdch/grf.rf/rstblk/ngwrdrst.grst.g7serrst.gnsckt_wrst.gic_rst.xpm_cdc_single_inst_wrst_rd'
Sourcing Tcl File [C:/Xilinx/Vivado/2018.2/data/ip/xpm/xpm_cdc/tcl/xpm_cdc_single.tcl] for cell 'MIPSfpga_system_i/axi_interconnect_0/m03_couplers/auto_cc/inst/gen_clock_conv.gen_async_conv.asyncfifo_axi/inst_fifo_gen/gaxi_full_lite.gread_ch.grdch2.axi_rdch/grf.rf/rstblk/ngwrdrst.grst.g7serrst.gnsckt_wrst.gic_rst.xpm_cdc_single_inst_rrst_wr'
Finished Sourcing Tcl File [C:/Xilinx/Vivado/2018.2/data/ip/xpm/xpm_cdc/tcl/xpm_cdc_single.tcl] for cell 'MIPSfpga_system_i/axi_interconnect_0/m03_couplers/auto_cc/inst/gen_clock_conv.gen_async_conv.asyncfifo_axi/inst_fifo_gen/gaxi_full_lite.gread_ch.grdch2.axi_rdch/grf.rf/rstblk/ngwrdrst.grst.g7serrst.gnsckt_wrst.gic_rst.xpm_cdc_single_inst_rrst_wr'
Sourcing Tcl File [C:/Xilinx/Vivado/2018.2/data/ip/xpm/xpm_cdc/tcl/xpm_cdc_single.tcl] for cell 'MIPSfpga_system_i/axi_interconnect_0/m03_couplers/auto_cc/inst/gen_clock_conv.gen_async_conv.asyncfifo_axi/inst_fifo_gen/gaxi_full_lite.gread_ch.grach2.axi_rach/grf.rf/rstblk/ngwrdrst.grst.g7serrst.gnsckt_wrst.gic_rst.xpm_cdc_single_inst_wrst_rd'
Finished Sourcing Tcl File [C:/Xilinx/Vivado/2018.2/data/ip/xpm/xpm_cdc/tcl/xpm_cdc_single.tcl] for cell 'MIPSfpga_system_i/axi_interconnect_0/m03_couplers/auto_cc/inst/gen_clock_conv.gen_async_conv.asyncfifo_axi/inst_fifo_gen/gaxi_full_lite.gread_ch.grach2.axi_rach/grf.rf/rstblk/ngwrdrst.grst.g7serrst.gnsckt_wrst.gic_rst.xpm_cdc_single_inst_wrst_rd'
Sourcing Tcl File [C:/Xilinx/Vivado/2018.2/data/ip/xpm/xpm_cdc/tcl/xpm_cdc_single.tcl] for cell 'MIPSfpga_system_i/axi_interconnect_0/m03_couplers/auto_cc/inst/gen_clock_conv.gen_async_conv.asyncfifo_axi/inst_fifo_gen/gaxi_full_lite.gread_ch.grach2.axi_rach/grf.rf/rstblk/ngwrdrst.grst.g7serrst.gnsckt_wrst.gic_rst.xpm_cdc_single_inst_rrst_wr'
Finished Sourcing Tcl File [C:/Xilinx/Vivado/2018.2/data/ip/xpm/xpm_cdc/tcl/xpm_cdc_single.tcl] for cell 'MIPSfpga_system_i/axi_interconnect_0/m03_couplers/auto_cc/inst/gen_clock_conv.gen_async_conv.asyncfifo_axi/inst_fifo_gen/gaxi_full_lite.gread_ch.grach2.axi_rach/grf.rf/rstblk/ngwrdrst.grst.g7serrst.gnsckt_wrst.gic_rst.xpm_cdc_single_inst_rrst_wr'
Sourcing Tcl File [C:/Xilinx/Vivado/2018.2/data/ip/xpm/xpm_cdc/tcl/xpm_cdc_single.tcl] for cell 'MIPSfpga_system_i/axi_interconnect_0/m03_couplers/auto_cc/inst/gen_clock_conv.gen_async_conv.asyncfifo_axi/inst_fifo_gen/gaxi_full_lite.gwrite_ch.gwrch2.axi_wrch/grf.rf/rstblk/ngwrdrst.grst.g7serrst.gnsckt_wrst.gic_rst.xpm_cdc_single_inst_wrst_rd'
Finished Sourcing Tcl File [C:/Xilinx/Vivado/2018.2/data/ip/xpm/xpm_cdc/tcl/xpm_cdc_single.tcl] for cell 'MIPSfpga_system_i/axi_interconnect_0/m03_couplers/auto_cc/inst/gen_clock_conv.gen_async_conv.asyncfifo_axi/inst_fifo_gen/gaxi_full_lite.gwrite_ch.gwrch2.axi_wrch/grf.rf/rstblk/ngwrdrst.grst.g7serrst.gnsckt_wrst.gic_rst.xpm_cdc_single_inst_wrst_rd'
INFO: [Opt 31-138] Pushed 0 inverter(s) to 0 load pin(s).
INFO: [Project 1-111] Unisim Transformation Summary:
  A total of 306 instances were transformed.
  IOBUFDS_INTERMDISABLE => IOBUFDS_INTERMDISABLE (IBUFDS_INTERMDISABLE_INT, IBUFDS_INTERMDISABLE_INT, INV, OBUFTDS, OBUFTDS): 2 instances
  IOBUF_INTERMDISABLE => IOBUF_INTERMDISABLE (IBUF_INTERMDISABLE, OBUFT): 16 instances
  LUT6_2 => LUT6_2 (LUT5, LUT6): 24 instances
  OBUFDS => OBUFDS_DUAL_BUF (INV, OBUFDS, OBUFDS): 1 instances
  RAM128X1S => RAM128X1S (MUXF7, RAMS64E, RAMS64E): 3 instances
  RAM32M => RAM32M (RAMD32, RAMD32, RAMD32, RAMD32, RAMD32, RAMD32, RAMS32, RAMS32): 260 instances

13 Infos, 0 Warnings, 0 Critical Warnings and 0 Errors encountered.
link_design completed successfully
link_design: Time (s): cpu = 00:00:50 ; elapsed = 00:00:50 . Memory (MB): peak = 1605.031 ; gain = 1215.266
Command: opt_design
Attempting to get a license for feature 'Implementation' and/or device 'xc7a100t'
INFO: [Common 17-349] Got license for feature 'Implementation' and/or device 'xc7a100t'
Running DRC as a precondition to command opt_design

Starting DRC Task
INFO: [DRC 23-27] Running DRC with 2 threads
INFO: [Project 1-461] DRC finished with 0 Errors
INFO: [Project 1-462] Please refer to the DRC report (report_drc) for more information.

Time (s): cpu = 00:00:03 ; elapsed = 00:00:01 . Memory (MB): peak = 1605.031 ; gain = 0.000

Starting Cache Timing Information Task
INFO: [Timing 38-35] Done setting XDC timing constraints.
Ending Cache Timing Information Task | Checksum: 1213ccde8

Time (s): cpu = 00:00:04 ; elapsed = 00:00:04 . Memory (MB): peak = 1605.031 ; gain = 0.000

Starting Logic Optimization Task

Phase 1 Retarget
INFO: [Opt 31-138] Pushed 4 inverter(s) to 4 load pin(s).
INFO: [Opt 31-49] Retargeted 0 cell(s).
Phase 1 Retarget | Checksum: 273408579

Time (s): cpu = 00:00:07 ; elapsed = 00:00:05 . Memory (MB): peak = 1605.031 ; gain = 0.000
INFO: [Opt 31-389] Phase Retarget created 0 cells and removed 0 cells

Phase 2 Constant propagation
INFO: [Opt 31-138] Pushed 2 inverter(s) to 7 load pin(s).
Phase 2 Constant propagation | Checksum: 1a39fcb40

Time (s): cpu = 00:00:09 ; elapsed = 00:00:08 . Memory (MB): peak = 1605.031 ; gain = 0.000
INFO: [Opt 31-389] Phase Constant propagation created 1007 cells and removed 3411 cells

Phase 3 Sweep
Phase 3 Sweep | Checksum: 1f8a0aea3

Time (s): cpu = 00:00:12 ; elapsed = 00:00:11 . Memory (MB): peak = 1605.031 ; gain = 0.000
INFO: [Opt 31-389] Phase Sweep created 20 cells and removed 2747 cells

Phase 4 BUFG optimization
Phase 4 BUFG optimization | Checksum: 1f8a0aea3

Time (s): cpu = 00:00:14 ; elapsed = 00:00:12 . Memory (MB): peak = 1605.031 ; gain = 0.000
INFO: [Opt 31-662] Phase BUFG optimization created 0 cells of which 0 are BUFGs and removed 0 cells.

Phase 5 Shift Register Optimization
Phase 5 Shift Register Optimization | Checksum: 14d366d92

Time (s): cpu = 00:00:16 ; elapsed = 00:00:14 . Memory (MB): peak = 1605.031 ; gain = 0.000
INFO: [Opt 31-389] Phase Shift Register Optimization created 0 cells and removed 0 cells

Phase 6 Post Processing Netlist
Phase 6 Post Processing Netlist | Checksum: 1eec39c5e

Time (s): cpu = 00:00:17 ; elapsed = 00:00:15 . Memory (MB): peak = 1605.031 ; gain = 0.000
INFO: [Opt 31-389] Phase Post Processing Netlist created 0 cells and removed 3 cells

Starting Connectivity Check Task

Time (s): cpu = 00:00:00 ; elapsed = 00:00:00.144 . Memory (MB): peak = 1605.031 ; gain = 0.000
Ending Logic Optimization Task | Checksum: ff83c00c

Time (s): cpu = 00:00:17 ; elapsed = 00:00:16 . Memory (MB): peak = 1605.031 ; gain = 0.000

Starting Power Optimization Task
INFO: [Pwropt 34-132] Skipping clock gating for clocks with a period < 2.00 ns.
INFO: [Timing 38-35] Done setting XDC timing constraints.
INFO: [Pwropt 34-9] Applying IDT optimizations ...
INFO: [Pwropt 34-10] Applying ODC optimizations ...
INFO: [Physopt 32-619] Estimated Timing Summary | WNS=1.239 | TNS=0.000 |
Running Vector-less Activity Propagation...

Finished Running Vector-less Activity Propagation


Starting PowerOpt Patch Enables Task
INFO: [Pwropt 34-162] WRITE_MODE attribute of 0 BRAM(s) out of a total of 32 has been updated to save power. Run report_power_opt to get a complete listing of the BRAMs updated.
INFO: [Pwropt 34-201] Structural ODC has moved 0 WE to EN ports
Number of BRAM Ports augmented: 0 newly gated: 0 Total Ports: 64
Ending PowerOpt Patch Enables Task | Checksum: ff83c00c

Time (s): cpu = 00:00:00 ; elapsed = 00:00:00.293 . Memory (MB): peak = 2133.574 ; gain = 0.000
Ending Power Optimization Task | Checksum: ff83c00c

Time (s): cpu = 00:01:06 ; elapsed = 00:00:28 . Memory (MB): peak = 2133.574 ; gain = 528.543

Starting Final Cleanup Task
Ending Final Cleanup Task | Checksum: ff83c00c

Time (s): cpu = 00:00:00 ; elapsed = 00:00:00 . Memory (MB): peak = 2133.574 ; gain = 0.000
INFO: [Common 17-83] Releasing license: Implementation
35 Infos, 0 Warnings, 0 Critical Warnings and 0 Errors encountered.
opt_design completed successfully
opt_design: Time (s): cpu = 00:01:32 ; elapsed = 00:00:50 . Memory (MB): peak = 2133.574 ; gain = 528.543
INFO: [Timing 38-480] Writing timing data to binary archive.
Writing placer database...
Writing XDEF routing.
Writing XDEF routing logical nets.
Writing XDEF routing special nets.
Write XDEF Complete: Time (s): cpu = 00:00:00 ; elapsed = 00:00:00.094 . Memory (MB): peak = 2133.574 ; gain = 0.000
INFO: [Common 17-1381] The checkpoint 'E:/ComputerSystem/AWorkSpace/BluetoothCarHardWare/MIPSfpga_axi4_ddr/MIPSfpga_axi4_ddr.runs/impl_1/MIPSfpga_system_wrapper_opt.dcp' has been generated.
write_checkpoint: Time (s): cpu = 00:00:16 ; elapsed = 00:00:11 . Memory (MB): peak = 2133.574 ; gain = 0.000
INFO: [runtcl-4] Executing : report_drc -file MIPSfpga_system_wrapper_drc_opted.rpt -pb MIPSfpga_system_wrapper_drc_opted.pb -rpx MIPSfpga_system_wrapper_drc_opted.rpx
Command: report_drc -file MIPSfpga_system_wrapper_drc_opted.rpt -pb MIPSfpga_system_wrapper_drc_opted.pb -rpx MIPSfpga_system_wrapper_drc_opted.rpx
INFO: [DRC 23-27] Running DRC with 2 threads
INFO: [Coretcl 2-168] The results of DRC are in file E:/ComputerSystem/AWorkSpace/BluetoothCarHardWare/MIPSfpga_axi4_ddr/MIPSfpga_axi4_ddr.runs/impl_1/MIPSfpga_system_wrapper_drc_opted.rpt.
report_drc completed successfully
Command: place_design
Attempting to get a license for feature 'Implementation' and/or device 'xc7a100t'
INFO: [Common 17-349] Got license for feature 'Implementation' and/or device 'xc7a100t'
INFO: [DRC 23-27] Running DRC with 2 threads
INFO: [Vivado_Tcl 4-198] DRC finished with 0 Errors
INFO: [Vivado_Tcl 4-199] Please refer to the DRC report (report_drc) for more information.
Running DRC as a precondition to command place_design
INFO: [DRC 23-27] Running DRC with 2 threads
INFO: [Vivado_Tcl 4-198] DRC finished with 0 Errors
INFO: [Vivado_Tcl 4-199] Please refer to the DRC report (report_drc) for more information.

Starting Placer Task
INFO: [Place 30-611] Multithreading enabled for place_design using a maximum of 2 CPUs

Phase 1 Placer Initialization

Phase 1.1 Placer Initialization Netlist Sorting
Netlist sorting complete. Time (s): cpu = 00:00:00 ; elapsed = 00:00:00.168 . Memory (MB): peak = 2133.574 ; gain = 0.000
Phase 1.1 Placer Initialization Netlist Sorting | Checksum: cd1b6476

Time (s): cpu = 00:00:00 ; elapsed = 00:00:00.201 . Memory (MB): peak = 2133.574 ; gain = 0.000
INFO: [Timing 38-35] Done setting XDC timing constraints.
INFO: [Opt 31-138] Pushed 0 inverter(s) to 0 load pin(s).
Netlist sorting complete. Time (s): cpu = 00:00:00 ; elapsed = 00:00:00.274 . Memory (MB): peak = 2133.574 ; gain = 0.000

Phase 1.2 IO Placement/ Clock Placement/ Build Placer Device
INFO: [Timing 38-35] Done setting XDC timing constraints.
WARNING: [Place 30-574] Poor placement for routing between an IO pin and BUFG. This is normally an ERROR but the CLOCK_DEDICATED_ROUTE constraint is set to FALSE allowing your design to continue. The use of this override is highly discouraged as it may lead to very poor timing results. It is recommended that this error condition be corrected in the design.

	JB4_IBUF_inst (IBUF.O) is locked to IOB_X0Y120
	MIPSfpga_system_i/util_ds_buf_0/U0/USE_BUFG.GEN_BUFG[0].BUFG_U (BUFG.I) is provisionally placed by clockplacer on BUFGCTRL_X0Y1
Resolution: Poor placement of an IO pin and a BUFG has resulted in the router using a non-dedicated path between the two.  There are several things that could trigger this DRC, each of which can cause unpredictable clock insertion delays that result in poor timing.  This DRC could be caused by any of the following: (a) a clock port was placed on a pin that is not a CCIO-pin (b)the BUFG has not been placed in the same half of the device or SLR as the CCIO-pin (c) a single ended clock has been placed on the N-Side of a differential pair CCIO-pin.
Phase 1.2 IO Placement/ Clock Placement/ Build Placer Device | Checksum: 11587a0c2

Time (s): cpu = 00:00:18 ; elapsed = 00:00:16 . Memory (MB): peak = 2133.574 ; gain = 0.000

Phase 1.3 Build Placer Netlist Model
Phase 1.3 Build Placer Netlist Model | Checksum: 1b49991cc

Time (s): cpu = 00:00:34 ; elapsed = 00:00:27 . Memory (MB): peak = 2133.574 ; gain = 0.000

Phase 1.4 Constrain Clocks/Macros
Phase 1.4 Constrain Clocks/Macros | Checksum: 1b49991cc

Time (s): cpu = 00:00:34 ; elapsed = 00:00:27 . Memory (MB): peak = 2133.574 ; gain = 0.000
Phase 1 Placer Initialization | Checksum: 1b49991cc

Time (s): cpu = 00:00:34 ; elapsed = 00:00:27 . Memory (MB): peak = 2133.574 ; gain = 0.000

Phase 2 Global Placement

Phase 2.1 Floorplanning
Phase 2.1 Floorplanning | Checksum: 1afa36c27

Time (s): cpu = 00:00:40 ; elapsed = 00:00:30 . Memory (MB): peak = 2133.574 ; gain = 0.000

Phase 2.2 Physical Synthesis In Placer
INFO: [Physopt 32-65] No nets found for high-fanout optimization.
INFO: [Physopt 32-232] Optimized 0 net. Created 0 new instance.
INFO: [Physopt 32-775] End 1 Pass. Optimized 0 net or cell. Created 0 new cell, deleted 0 existing cell and moved 0 existing cell
Netlist sorting complete. Time (s): cpu = 00:00:01 ; elapsed = 00:00:00.175 . Memory (MB): peak = 2133.574 ; gain = 0.000

Summary of Physical Synthesis Optimizations
============================================


-----------------------------------------------------------------------------------------------------------------------------
|  Optimization       |  Added Cells  |  Removed Cells  |  Optimized Cells/Nets  |  Dont Touch  |  Iterations  |  Elapsed   |
-----------------------------------------------------------------------------------------------------------------------------
|  Very High Fanout   |            0  |              0  |                     0  |           0  |           1  |  00:00:00  |
|  Total              |            0  |              0  |                     0  |           0  |           1  |  00:00:00  |
-----------------------------------------------------------------------------------------------------------------------------


Phase 2.2 Physical Synthesis In Placer | Checksum: 5269633d

Time (s): cpu = 00:01:35 ; elapsed = 00:01:02 . Memory (MB): peak = 2133.574 ; gain = 0.000
Phase 2 Global Placement | Checksum: 1a48615b5

Time (s): cpu = 00:01:37 ; elapsed = 00:01:04 . Memory (MB): peak = 2133.574 ; gain = 0.000

Phase 3 Detail Placement

Phase 3.1 Commit Multi Column Macros
Phase 3.1 Commit Multi Column Macros | Checksum: 1a48615b5

Time (s): cpu = 00:01:38 ; elapsed = 00:01:04 . Memory (MB): peak = 2133.574 ; gain = 0.000

Phase 3.2 Commit Most Macros & LUTRAMs
Phase 3.2 Commit Most Macros & LUTRAMs | Checksum: cbe4d05f

Time (s): cpu = 00:01:48 ; elapsed = 00:01:11 . Memory (MB): peak = 2133.574 ; gain = 0.000

Phase 3.3 Area Swap Optimization
Phase 3.3 Area Swap Optimization | Checksum: 983cdc3c

Time (s): cpu = 00:01:49 ; elapsed = 00:01:11 . Memory (MB): peak = 2133.574 ; gain = 0.000

Phase 3.4 Pipeline Register Optimization
Phase 3.4 Pipeline Register Optimization | Checksum: b3b1bcae

Time (s): cpu = 00:01:49 ; elapsed = 00:01:12 . Memory (MB): peak = 2133.574 ; gain = 0.000

Phase 3.5 Small Shape Detail Placement
Phase 3.5 Small Shape Detail Placement | Checksum: 14e24d688

Time (s): cpu = 00:02:10 ; elapsed = 00:01:33 . Memory (MB): peak = 2133.574 ; gain = 0.000

Phase 3.6 Re-assign LUT pins
Phase 3.6 Re-assign LUT pins | Checksum: 779ce487

Time (s): cpu = 00:02:12 ; elapsed = 00:01:36 . Memory (MB): peak = 2133.574 ; gain = 0.000

Phase 3.7 Pipeline Register Optimization
Phase 3.7 Pipeline Register Optimization | Checksum: 95813d87

Time (s): cpu = 00:02:13 ; elapsed = 00:01:36 . Memory (MB): peak = 2133.574 ; gain = 0.000
Phase 3 Detail Placement | Checksum: 95813d87

Time (s): cpu = 00:02:13 ; elapsed = 00:01:36 . Memory (MB): peak = 2133.574 ; gain = 0.000

Phase 4 Post Placement Optimization and Clean-Up

Phase 4.1 Post Commit Optimization
INFO: [Timing 38-35] Done setting XDC timing constraints.

Phase 4.1.1 Post Placement Optimization
Post Placement Optimization Initialization | Checksum: 9760a897

Phase 4.1.1.1 BUFG Insertion
INFO: [Place 46-31] BUFG insertion identified 0 candidate nets, 0 success, 0 skipped for placement/routing, 0 skipped for timing, 0 skipped for netlist change reason.
Phase 4.1.1.1 BUFG Insertion | Checksum: 9760a897

Time (s): cpu = 00:02:28 ; elapsed = 00:01:47 . Memory (MB): peak = 2133.574 ; gain = 0.000
INFO: [Place 30-746] Post Placement Timing Summary WNS=0.568. For the most accurate timing information please run report_timing.
Phase 4.1.1 Post Placement Optimization | Checksum: 15b6a5936

Time (s): cpu = 00:02:30 ; elapsed = 00:01:49 . Memory (MB): peak = 2133.574 ; gain = 0.000
Phase 4.1 Post Commit Optimization | Checksum: 15b6a5936

Time (s): cpu = 00:02:30 ; elapsed = 00:01:49 . Memory (MB): peak = 2133.574 ; gain = 0.000

Phase 4.2 Post Placement Cleanup
Phase 4.2 Post Placement Cleanup | Checksum: 15b6a5936

Time (s): cpu = 00:02:31 ; elapsed = 00:01:49 . Memory (MB): peak = 2133.574 ; gain = 0.000

Phase 4.3 Placer Reporting
Phase 4.3 Placer Reporting | Checksum: 15b6a5936

Time (s): cpu = 00:02:31 ; elapsed = 00:01:49 . Memory (MB): peak = 2133.574 ; gain = 0.000

Phase 4.4 Final Placement Cleanup
Phase 4.4 Final Placement Cleanup | Checksum: 15f834770

Time (s): cpu = 00:02:31 ; elapsed = 00:01:50 . Memory (MB): peak = 2133.574 ; gain = 0.000
Phase 4 Post Placement Optimization and Clean-Up | Checksum: 15f834770

Time (s): cpu = 00:02:31 ; elapsed = 00:01:50 . Memory (MB): peak = 2133.574 ; gain = 0.000
Ending Placer Task | Checksum: 917e5d42

Time (s): cpu = 00:02:31 ; elapsed = 00:01:50 . Memory (MB): peak = 2133.574 ; gain = 0.000
INFO: [Common 17-83] Releasing license: Implementation
58 Infos, 1 Warnings, 0 Critical Warnings and 0 Errors encountered.
place_design completed successfully
place_design: Time (s): cpu = 00:02:38 ; elapsed = 00:01:54 . Memory (MB): peak = 2133.574 ; gain = 0.000
INFO: [Timing 38-480] Writing timing data to binary archive.
Writing placer database...
Writing XDEF routing.
Writing XDEF routing logical nets.
Writing XDEF routing special nets.
Write XDEF Complete: Time (s): cpu = 00:00:14 ; elapsed = 00:00:04 . Memory (MB): peak = 2133.574 ; gain = 0.000
INFO: [Common 17-1381] The checkpoint 'E:/ComputerSystem/AWorkSpace/BluetoothCarHardWare/MIPSfpga_axi4_ddr/MIPSfpga_axi4_ddr.runs/impl_1/MIPSfpga_system_wrapper_placed.dcp' has been generated.
write_checkpoint: Time (s): cpu = 00:00:22 ; elapsed = 00:00:12 . Memory (MB): peak = 2133.574 ; gain = 0.000
INFO: [runtcl-4] Executing : report_io -file MIPSfpga_system_wrapper_io_placed.rpt
report_io: Time (s): cpu = 00:00:00 ; elapsed = 00:00:00.080 . Memory (MB): peak = 2133.574 ; gain = 0.000
INFO: [runtcl-4] Executing : report_utilization -file MIPSfpga_system_wrapper_utilization_placed.rpt -pb MIPSfpga_system_wrapper_utilization_placed.pb
report_utilization: Time (s): cpu = 00:00:00 ; elapsed = 00:00:00.533 . Memory (MB): peak = 2133.574 ; gain = 0.000
INFO: [runtcl-4] Executing : report_control_sets -verbose -file MIPSfpga_system_wrapper_control_sets_placed.rpt
report_control_sets: Time (s): cpu = 00:00:01 ; elapsed = 00:00:00.273 . Memory (MB): peak = 2133.574 ; gain = 0.000
Command: route_design
Attempting to get a license for feature 'Implementation' and/or device 'xc7a100t'
INFO: [Common 17-349] Got license for feature 'Implementation' and/or device 'xc7a100t'
Running DRC as a precondition to command route_design
INFO: [DRC 23-27] Running DRC with 2 threads
WARNING: [DRC PLCK-12] Clock Placer Checks: Poor placement for routing between an IO pin and BUFG. 
Resolution: Poor placement of an IO pin and a BUFG has resulted in the router using a non-dedicated path between the two.  There are several things that could trigger this DRC, each of which can cause unpredictable clock insertion delays that result in poor timing.  This DRC could be caused by any of the following: (a) a clock port was placed on a pin that is not a CCIO-pin (b)the BUFG has not been placed in the same half of the device or SLR as the CCIO-pin (c) a single ended clock has been placed on the N-Side of a differential pair CCIO-pin.
 This is normally an ERROR but the CLOCK_DEDICATED_ROUTE constraint is set to FALSE allowing your design to continue. The use of this override is highly discouraged as it may lead to very poor timing results. It is recommended that this error condition be corrected in the design.

	JB4_IBUF_inst (IBUF.O) is locked to IOB_X0Y120
	MIPSfpga_system_i/util_ds_buf_0/U0/USE_BUFG.GEN_BUFG[0].BUFG_U (BUFG.I) is provisionally placed by clockplacer on BUFGCTRL_X0Y1
INFO: [Vivado_Tcl 4-198] DRC finished with 0 Errors, 1 Warnings
INFO: [Vivado_Tcl 4-199] Please refer to the DRC report (report_drc) for more information.


Starting Routing Task
INFO: [Route 35-254] Multithreading enabled for route_design using a maximum of 2 CPUs
Checksum: PlaceDB: 6c9dac1d ConstDB: 0 ShapeSum: 24e0b125 RouteDB: 0

Phase 1 Build RT Design
Phase 1 Build RT Design | Checksum: b60b4b25

Time (s): cpu = 00:00:42 ; elapsed = 00:00:31 . Memory (MB): peak = 2133.574 ; gain = 0.000
Post Restoration Checksum: NetGraph: 38aacfa2 NumContArr: 7d607b83 Constraints: 0 Timing: 0

Phase 2 Router Initialization

Phase 2.1 Create Timer
Phase 2.1 Create Timer | Checksum: b60b4b25

Time (s): cpu = 00:00:44 ; elapsed = 00:00:32 . Memory (MB): peak = 2133.574 ; gain = 0.000

Phase 2.2 Fix Topology Constraints
Phase 2.2 Fix Topology Constraints | Checksum: b60b4b25

Time (s): cpu = 00:00:44 ; elapsed = 00:00:33 . Memory (MB): peak = 2133.574 ; gain = 0.000

Phase 2.3 Pre Route Cleanup
Phase 2.3 Pre Route Cleanup | Checksum: b60b4b25

Time (s): cpu = 00:00:44 ; elapsed = 00:00:33 . Memory (MB): peak = 2133.574 ; gain = 0.000
 Number of Nodes with overlaps = 0

Phase 2.4 Update Timing
Phase 2.4 Update Timing | Checksum: b451f174

Time (s): cpu = 00:01:05 ; elapsed = 00:00:46 . Memory (MB): peak = 2133.574 ; gain = 0.000
INFO: [Route 35-416] Intermediate Timing Summary | WNS=0.948  | TNS=0.000  | WHS=-1.309 | THS=-2321.445|


Phase 2.5 Update Timing for Bus Skew

Phase 2.5.1 Update Timing
Phase 2.5.1 Update Timing | Checksum: 1309f5af5

Time (s): cpu = 00:01:24 ; elapsed = 00:00:56 . Memory (MB): peak = 2133.574 ; gain = 0.000
INFO: [Route 35-416] Intermediate Timing Summary | WNS=0.948  | TNS=0.000  | WHS=N/A    | THS=N/A    |

Phase 2.5 Update Timing for Bus Skew | Checksum: 1092ea4b2

Time (s): cpu = 00:01:24 ; elapsed = 00:00:57 . Memory (MB): peak = 2133.574 ; gain = 0.000
Phase 2 Router Initialization | Checksum: dc2c1d98

Time (s): cpu = 00:01:24 ; elapsed = 00:00:57 . Memory (MB): peak = 2133.574 ; gain = 0.000

Phase 3 Initial Routing
Phase 3 Initial Routing | Checksum: d864189c

Time (s): cpu = 00:01:42 ; elapsed = 00:01:06 . Memory (MB): peak = 2133.574 ; gain = 0.000

Phase 4 Rip-up And Reroute

Phase 4.1 Global Iteration 0
 Number of Nodes with overlaps = 7812
 Number of Nodes with overlaps = 1738
 Number of Nodes with overlaps = 555
 Number of Nodes with overlaps = 216
 Number of Nodes with overlaps = 79
 Number of Nodes with overlaps = 31
 Number of Nodes with overlaps = 13
 Number of Nodes with overlaps = 5
 Number of Nodes with overlaps = 1
 Number of Nodes with overlaps = 0
INFO: [Route 35-416] Intermediate Timing Summary | WNS=-1.179 | TNS=-9.454 | WHS=N/A    | THS=N/A    |

Phase 4.1 Global Iteration 0 | Checksum: 10615a192

Time (s): cpu = 00:03:05 ; elapsed = 00:01:54 . Memory (MB): peak = 2133.574 ; gain = 0.000

Phase 4.2 Global Iteration 1
 Number of Nodes with overlaps = 1
 Number of Nodes with overlaps = 0
INFO: [Route 35-416] Intermediate Timing Summary | WNS=-1.280 | TNS=-10.798| WHS=N/A    | THS=N/A    |

Phase 4.2 Global Iteration 1 | Checksum: 133046b02

Time (s): cpu = 00:03:06 ; elapsed = 00:01:54 . Memory (MB): peak = 2133.574 ; gain = 0.000
Phase 4 Rip-up And Reroute | Checksum: 133046b02

Time (s): cpu = 00:03:06 ; elapsed = 00:01:55 . Memory (MB): peak = 2133.574 ; gain = 0.000

Phase 5 Delay and Skew Optimization

Phase 5.1 Delay CleanUp

Phase 5.1.1 Update Timing
Phase 5.1.1 Update Timing | Checksum: 11ad2ee52

Time (s): cpu = 00:03:12 ; elapsed = 00:01:58 . Memory (MB): peak = 2133.574 ; gain = 0.000
INFO: [Route 35-416] Intermediate Timing Summary | WNS=-1.179 | TNS=-9.454 | WHS=N/A    | THS=N/A    |

Phase 5.1 Delay CleanUp | Checksum: dbed24fb

Time (s): cpu = 00:03:13 ; elapsed = 00:01:59 . Memory (MB): peak = 2133.574 ; gain = 0.000

Phase 5.2 Clock Skew Optimization
Phase 5.2 Clock Skew Optimization | Checksum: dbed24fb

Time (s): cpu = 00:03:14 ; elapsed = 00:01:59 . Memory (MB): peak = 2133.574 ; gain = 0.000
Phase 5 Delay and Skew Optimization | Checksum: dbed24fb

Time (s): cpu = 00:03:14 ; elapsed = 00:01:59 . Memory (MB): peak = 2133.574 ; gain = 0.000

Phase 6 Post Hold Fix

Phase 6.1 Hold Fix Iter

Phase 6.1.1 Update Timing
Phase 6.1.1 Update Timing | Checksum: b4e133e8

Time (s): cpu = 00:03:20 ; elapsed = 00:02:03 . Memory (MB): peak = 2133.574 ; gain = 0.000
INFO: [Route 35-416] Intermediate Timing Summary | WNS=-1.179 | TNS=-9.454 | WHS=-0.606 | THS=-11.298|

Phase 6.1 Hold Fix Iter | Checksum: 8ce2ef13

Time (s): cpu = 00:03:22 ; elapsed = 00:02:04 . Memory (MB): peak = 2133.574 ; gain = 0.000
WARNING: [Route 35-468] The router encountered 10 pins that are both setup-critical and hold-critical and tried to fix hold violations at the expense of setup slack. Such pins are:
	MIPSfpga_system_i/mig_7series_0/u_MIPSfpga_system_mig_7series_0_0_mig/u_memc_ui_top_axi/u_axi_mc/USE_UPSIZER.upsizer_d2/si_register_slice_inst/reset_i_1/I0
	MIPSfpga_system_i/mig_7series_0/u_MIPSfpga_system_mig_7series_0_0_mig/u_memc_ui_top_axi/u_axi_mc/areset_d1_reg/D
	MIPSfpga_system_i/mig_7series_0/u_MIPSfpga_system_mig_7series_0_0_mig/u_memc_ui_top_axi/u_axi_mc/areset_d1_reg_rep/D
	MIPSfpga_system_i/mig_7series_0/u_MIPSfpga_system_mig_7series_0_0_mig/u_memc_ui_top_axi/u_axi_mc/areset_d1_reg_rep__0/D
	MIPSfpga_system_i/mig_7series_0/u_MIPSfpga_system_mig_7series_0_0_mig/u_memc_ui_top_axi/u_axi_mc/areset_d1_reg_rep__1/D
	MIPSfpga_system_i/mig_7series_0/u_MIPSfpga_system_mig_7series_0_0_mig/u_memc_ui_top_axi/u_axi_mc/areset_d1_reg_rep__2/D
	MIPSfpga_system_i/mig_7series_0/u_MIPSfpga_system_mig_7series_0_0_mig/u_memc_ui_top_axi/u_axi_mc/areset_d1_reg_rep__3/D
	MIPSfpga_system_i/mig_7series_0/u_MIPSfpga_system_mig_7series_0_0_mig/u_memc_ui_top_axi/u_axi_mc/areset_d1_reg_rep__5/D
	MIPSfpga_system_i/mig_7series_0/u_MIPSfpga_system_mig_7series_0_0_mig/u_memc_ui_top_axi/u_axi_mc/USE_UPSIZER.upsizer_d2/mi_register_slice_inst/reset_reg/D
	MIPSfpga_system_i/mig_7series_0/u_MIPSfpga_system_mig_7series_0_0_mig/u_memc_ui_top_axi/u_axi_mc/USE_UPSIZER.upsizer_d2/si_register_slice_inst/reset_reg/D

Phase 6 Post Hold Fix | Checksum: d742a199

Time (s): cpu = 00:03:22 ; elapsed = 00:02:04 . Memory (MB): peak = 2133.574 ; gain = 0.000

Phase 7 Route finalize

Router Utilization Summary
  Global Vertical Routing Utilization    = 7.28441 %
  Global Horizontal Routing Utilization  = 9.85799 %
  Routable Net Status*
  *Does not include unroutable nets such as driverless and loadless.
  Run report_route_status for detailed report.
  Number of Failed Nets               = 0
  Number of Unrouted Nets             = 0
  Number of Partially Routed Nets     = 0
  Number of Node Overlaps             = 0

Congestion Report
North Dir 1x1 Area, Max Cong = 67.5676%, No Congested Regions.
South Dir 1x1 Area, Max Cong = 82.8829%, No Congested Regions.
East Dir 1x1 Area, Max Cong = 91.1765%, Congestion bounded by tiles (Lower Left Tile -> Upper Right Tile):
   INT_R_X27Y25 -> INT_R_X27Y25
   INT_L_X20Y23 -> INT_L_X20Y23
   INT_L_X24Y23 -> INT_L_X24Y23
   INT_R_X27Y20 -> INT_R_X27Y20
   INT_L_X20Y19 -> INT_L_X20Y19
West Dir 1x1 Area, Max Cong = 92.6471%, Congestion bounded by tiles (Lower Left Tile -> Upper Right Tile):
   INT_R_X21Y25 -> INT_R_X21Y25

------------------------------
Reporting congestion hotspots
------------------------------
Direction: North
----------------
Congested clusters found at Level 0
Effective congestion level: 0 Aspect Ratio: 1 Sparse Ratio: 0
Direction: South
----------------
Congested clusters found at Level 0
Effective congestion level: 0 Aspect Ratio: 1 Sparse Ratio: 0
Direction: East
----------------
Congested clusters found at Level 0
Effective congestion level: 1 Aspect Ratio: 0.5 Sparse Ratio: 0.5
Direction: West
----------------
Congested clusters found at Level 0
Effective congestion level: 0 Aspect Ratio: 1 Sparse Ratio: 1

Phase 7 Route finalize | Checksum: c84a94e6

Time (s): cpu = 00:03:23 ; elapsed = 00:02:04 . Memory (MB): peak = 2133.574 ; gain = 0.000

Phase 8 Verifying routed nets

 Verification completed successfully
Phase 8 Verifying routed nets | Checksum: c84a94e6

Time (s): cpu = 00:03:23 ; elapsed = 00:02:04 . Memory (MB): peak = 2133.574 ; gain = 0.000

Phase 9 Depositing Routes
Phase 9 Depositing Routes | Checksum: 1b13ce851

Time (s): cpu = 00:03:27 ; elapsed = 00:02:09 . Memory (MB): peak = 2133.574 ; gain = 0.000

Phase 10 Post Router Timing

Phase 10.1 Update Timing
Phase 10.1 Update Timing | Checksum: 1c2aa2b0c

Time (s): cpu = 00:03:34 ; elapsed = 00:02:13 . Memory (MB): peak = 2133.574 ; gain = 0.000
INFO: [Route 35-57] Estimated Timing Summary | WNS=-1.179 | TNS=-9.454 | WHS=0.017  | THS=0.000  |

WARNING: [Route 35-328] Router estimated timing not met.
Resolution: For a complete and accurate timing signoff, report_timing_summary must be run after route_design. Alternatively, route_design can be run with the -timing_summary option to enable a complete timing signoff at the end of route_design.
Phase 10 Post Router Timing | Checksum: 1c2aa2b0c

Time (s): cpu = 00:03:34 ; elapsed = 00:02:13 . Memory (MB): peak = 2133.574 ; gain = 0.000
INFO: [Route 35-16] Router Completed Successfully

Time (s): cpu = 00:03:34 ; elapsed = 00:02:13 . Memory (MB): peak = 2133.574 ; gain = 0.000

Routing Is Done.
INFO: [Common 17-83] Releasing license: Implementation
77 Infos, 4 Warnings, 0 Critical Warnings and 0 Errors encountered.
route_design completed successfully
route_design: Time (s): cpu = 00:03:41 ; elapsed = 00:02:18 . Memory (MB): peak = 2133.574 ; gain = 0.000
INFO: [Timing 38-480] Writing timing data to binary archive.
Writing placer database...
Writing XDEF routing.
Writing XDEF routing logical nets.
Writing XDEF routing special nets.
Write XDEF Complete: Time (s): cpu = 00:00:17 ; elapsed = 00:00:06 . Memory (MB): peak = 2133.574 ; gain = 0.000
INFO: [Common 17-1381] The checkpoint 'E:/ComputerSystem/AWorkSpace/BluetoothCarHardWare/MIPSfpga_axi4_ddr/MIPSfpga_axi4_ddr.runs/impl_1/MIPSfpga_system_wrapper_routed.dcp' has been generated.
write_checkpoint: Time (s): cpu = 00:00:24 ; elapsed = 00:00:13 . Memory (MB): peak = 2133.574 ; gain = 0.000
INFO: [runtcl-4] Executing : report_drc -file MIPSfpga_system_wrapper_drc_routed.rpt -pb MIPSfpga_system_wrapper_drc_routed.pb -rpx MIPSfpga_system_wrapper_drc_routed.rpx
Command: report_drc -file MIPSfpga_system_wrapper_drc_routed.rpt -pb MIPSfpga_system_wrapper_drc_routed.pb -rpx MIPSfpga_system_wrapper_drc_routed.rpx
INFO: [DRC 23-27] Running DRC with 2 threads
INFO: [Coretcl 2-168] The results of DRC are in file E:/ComputerSystem/AWorkSpace/BluetoothCarHardWare/MIPSfpga_axi4_ddr/MIPSfpga_axi4_ddr.runs/impl_1/MIPSfpga_system_wrapper_drc_routed.rpt.
report_drc completed successfully
report_drc: Time (s): cpu = 00:00:15 ; elapsed = 00:00:08 . Memory (MB): peak = 2133.574 ; gain = 0.000
INFO: [runtcl-4] Executing : report_methodology -file MIPSfpga_system_wrapper_methodology_drc_routed.rpt -pb MIPSfpga_system_wrapper_methodology_drc_routed.pb -rpx MIPSfpga_system_wrapper_methodology_drc_routed.rpx
Command: report_methodology -file MIPSfpga_system_wrapper_methodology_drc_routed.rpt -pb MIPSfpga_system_wrapper_methodology_drc_routed.pb -rpx MIPSfpga_system_wrapper_methodology_drc_routed.rpx
INFO: [Timing 38-35] Done setting XDC timing constraints.
INFO: [Timing 38-35] Done setting XDC timing constraints.
INFO: [DRC 23-133] Running Methodology with 2 threads
INFO: [Coretcl 2-1520] The results of Report Methodology are in file E:/ComputerSystem/AWorkSpace/BluetoothCarHardWare/MIPSfpga_axi4_ddr/MIPSfpga_axi4_ddr.runs/impl_1/MIPSfpga_system_wrapper_methodology_drc_routed.rpt.
report_methodology completed successfully
report_methodology: Time (s): cpu = 00:01:05 ; elapsed = 00:00:37 . Memory (MB): peak = 2765.422 ; gain = 631.848
INFO: [runtcl-4] Executing : report_power -file MIPSfpga_system_wrapper_power_routed.rpt -pb MIPSfpga_system_wrapper_power_summary_routed.pb -rpx MIPSfpga_system_wrapper_power_routed.rpx
Command: report_power -file MIPSfpga_system_wrapper_power_routed.rpt -pb MIPSfpga_system_wrapper_power_summary_routed.pb -rpx MIPSfpga_system_wrapper_power_routed.rpx
INFO: [Timing 38-35] Done setting XDC timing constraints.
Running Vector-less Activity Propagation...

Finished Running Vector-less Activity Propagation
WARNING: [Power 33-332] Found switching activity that implies high-fanout reset nets being asserted for excessive periods of time which may result in inaccurate power analysis.
Resolution: To review and fix problems, please run Power Constraints Advisor in the GUI from Tools > Power Constraints Advisor or run report_power with the -advisory option to generate a text report.
89 Infos, 5 Warnings, 0 Critical Warnings and 0 Errors encountered.
report_power completed successfully
report_power: Time (s): cpu = 00:00:31 ; elapsed = 00:00:18 . Memory (MB): peak = 2854.551 ; gain = 89.129
INFO: [runtcl-4] Executing : report_route_status -file MIPSfpga_system_wrapper_route_status.rpt -pb MIPSfpga_system_wrapper_route_status.pb
INFO: [runtcl-4] Executing : report_timing_summary -max_paths 10 -file MIPSfpga_system_wrapper_timing_summary_routed.rpt -pb MIPSfpga_system_wrapper_timing_summary_routed.pb -rpx MIPSfpga_system_wrapper_timing_summary_routed.rpx -warn_on_violation 
INFO: [Timing 38-91] UpdateTimingParams: Speed grade: -1, Delay Type: min_max, Timing Stage: Requireds.
INFO: [Timing 38-191] Multithreading enabled for timing update using a maximum of 2 CPUs
CRITICAL WARNING: [Timing 38-282] The design failed to meet the timing requirements. Please see the timing summary report for details on the timing violations.
WARNING: [Timing 38-436] There are set_bus_skew constraint(s) in this design. Please run report_bus_skew to ensure that bus skew requirements are met.
report_timing_summary: Time (s): cpu = 00:00:17 ; elapsed = 00:00:10 . Memory (MB): peak = 2907.082 ; gain = 42.508
INFO: [runtcl-4] Executing : report_incremental_reuse -file MIPSfpga_system_wrapper_incremental_reuse_routed.rpt
INFO: [Vivado_Tcl 4-545] No incremental reuse to report, no incremental placement and routing data was found.
INFO: [runtcl-4] Executing : report_clock_utilization -file MIPSfpga_system_wrapper_clock_utilization_routed.rpt
INFO: [runtcl-4] Executing : report_bus_skew -warn_on_violation -file MIPSfpga_system_wrapper_bus_skew_routed.rpt -pb MIPSfpga_system_wrapper_bus_skew_routed.pb -rpx MIPSfpga_system_wrapper_bus_skew_routed.rpx
INFO: [Timing 38-91] UpdateTimingParams: Speed grade: -1, Delay Type: min_max, Timing Stage: Requireds.
INFO: [Timing 38-191] Multithreading enabled for timing update using a maximum of 2 CPUs
INFO: [Common 17-206] Exiting Vivado at Thu Oct  1 11:23:35 2020...

*** Running vivado
    with args -log MIPSfpga_system_wrapper.vdi -applog -m64 -product Vivado -messageDb vivado.pb -mode batch -source MIPSfpga_system_wrapper.tcl -notrace


****** Vivado v2018.2 (64-bit)
  **** SW Build 2258646 on Thu Jun 14 20:03:12 MDT 2018
  **** IP Build 2256618 on Thu Jun 14 22:10:49 MDT 2018
    ** Copyright 1986-2018 Xilinx, Inc. All Rights Reserved.

source MIPSfpga_system_wrapper.tcl -notrace
Command: open_checkpoint MIPSfpga_system_wrapper_routed.dcp

Starting open_checkpoint Task

Time (s): cpu = 00:00:00 ; elapsed = 00:00:00.036 . Memory (MB): peak = 238.824 ; gain = 0.000
INFO: [Netlist 29-17] Analyzing 1236 Unisim elements for replacement
INFO: [Netlist 29-28] Unisim Transformation completed in 1 CPU seconds
INFO: [Project 1-479] Netlist was created with Vivado 2018.2
INFO: [Device 21-403] Loading part xc7a100tcsg324-1
INFO: [Project 1-570] Preparing netlist for logic optimization
INFO: [Timing 38-478] Restoring timing data from binary archive.
INFO: [Timing 38-479] Binary timing data restore complete.
INFO: [Project 1-856] Restoring constraints from binary archive.
INFO: [Project 1-853] Binary constraint restore complete.
Reading XDEF placement.
Reading placer database...
Reading XDEF routing.
Read XDEF File: Time (s): cpu = 00:00:03 ; elapsed = 00:00:04 . Memory (MB): peak = 1485.449 ; gain = 13.887
Restored from archive | CPU: 3.000000 secs | Memory: 0.000000 MB |
Finished XDEF File Restore: Time (s): cpu = 00:00:03 ; elapsed = 00:00:04 . Memory (MB): peak = 1485.449 ; gain = 13.887
INFO: [Project 1-111] Unisim Transformation Summary:
  A total of 300 instances were transformed.
  IOBUFDS_INTERMDISABLE => IOBUFDS_INTERMDISABLE (IBUFDS_INTERMDISABLE_INT, IBUFDS_INTERMDISABLE_INT, INV, OBUFTDS, OBUFTDS): 2 instances
  IOBUF_INTERMDISABLE => IOBUF_INTERMDISABLE (IBUF_INTERMDISABLE, OBUFT): 16 instances
  LUT6_2 => LUT6_2 (LUT5, LUT6): 15 instances
  OBUFDS => OBUFDS_DUAL_BUF (INV, OBUFDS, OBUFDS): 1 instances
  RAM128X1S => RAM128X1S (MUXF7, RAMS64E, RAMS64E): 3 instances
  RAM32M => RAM32M (RAMD32, RAMD32, RAMD32, RAMD32, RAMD32, RAMD32, RAMS32, RAMS32): 258 instances
  SRLC32E => SRL16E: 5 instances

INFO: [Project 1-604] Checkpoint was created with Vivado v2018.2 (64-bit) build 2258646
open_checkpoint: Time (s): cpu = 00:00:35 ; elapsed = 00:00:39 . Memory (MB): peak = 1485.449 ; gain = 1255.523
Command: write_bitstream -force MIPSfpga_system_wrapper.bit
Attempting to get a license for feature 'Implementation' and/or device 'xc7a100t'
INFO: [Common 17-349] Got license for feature 'Implementation' and/or device 'xc7a100t'
Running DRC as a precondition to command write_bitstream
INFO: [IP_Flow 19-234] Refreshing IP repositories
INFO: [IP_Flow 19-1704] No user IP repositories specified
INFO: [IP_Flow 19-2313] Loaded Vivado IP repository 'C:/Xilinx/Vivado/2018.2/data/ip'.
INFO: [DRC 23-27] Running DRC with 2 threads
WARNING: [DRC CFGBVS-1] Missing CFGBVS and CONFIG_VOLTAGE Design Properties: Neither the CFGBVS nor CONFIG_VOLTAGE voltage property is set in the current_design.  Configuration bank voltage select (CFGBVS) must be set to VCCO or GND, and CONFIG_VOLTAGE must be set to the correct configuration voltage, in order to determine the I/O voltage support for the pins in bank 0.  It is suggested to specify these either using the 'Edit Device Properties' function in the GUI or directly in the XDC file using the following syntax:

 set_property CFGBVS value1 [current_design]
 #where value1 is either VCCO or GND

 set_property CONFIG_VOLTAGE value2 [current_design]
 #where value2 is the voltage provided to configuration bank 0

Refer to the device configuration user guide for more information.
WARNING: [DRC REQP-1709] Clock output buffering: PLLE2_ADV connectivity violation. The signal MIPSfpga_system_i/mig_7series_0/u_MIPSfpga_system_mig_7series_0_0_mig/u_ddr2_infrastructure/pll_clk3_out on the MIPSfpga_system_i/mig_7series_0/u_MIPSfpga_system_mig_7series_0_0_mig/u_ddr2_infrastructure/plle2_i/CLKOUT3 pin of MIPSfpga_system_i/mig_7series_0/u_MIPSfpga_system_mig_7series_0_0_mig/u_ddr2_infrastructure/plle2_i does not drive the same kind of BUFFER load as the other CLKOUT pins. Routing from the different buffer types will not be phase aligned.
WARNING: [DRC RTSTAT-10] No routable loads: 120 net(s) have no routable loads. The problem bus(es) and/or net(s) are MIPSfpga_system_i/axi_interconnect_0/m01_couplers/auto_ds/inst/gen_downsizer.gen_simple_downsizer.axi_downsizer_inst/USE_WRITE.write_addr_inst/cmd_queue/inst/fifo_gen_inst/inst_fifo_gen/gconvfifo.rf/grf.rf/gntv_or_sync_fifo.gl0.rd/gr1.gr1_int.rfwft/aempty_fwft_i, MIPSfpga_system_i/axi_interconnect_0/m00_couplers/auto_ds/inst/gen_downsizer.gen_simple_downsizer.axi_downsizer_inst/USE_WRITE.write_addr_inst/cmd_queue/inst/fifo_gen_inst/inst_fifo_gen/gconvfifo.rf/grf.rf/gntv_or_sync_fifo.gl0.rd/gr1.gr1_int.rfwft/aempty_fwft_i, MIPSfpga_system_i/axi_interconnect_0/m05_couplers/auto_ds/inst/gen_downsizer.gen_simple_downsizer.axi_downsizer_inst/USE_WRITE.write_addr_inst/cmd_queue/inst/fifo_gen_inst/inst_fifo_gen/gconvfifo.rf/grf.rf/gntv_or_sync_fifo.gl0.rd/gr1.gr1_int.rfwft/aempty_fwft_i, MIPSfpga_system_i/axi_interconnect_0/m03_couplers/auto_cc/inst/gen_clock_conv.gen_async_conv.asyncfifo_axi/inst_fifo_gen/gaxi_full_lite.gwrite_ch.gwdch2.axi_wdch/grf.rf/gntv_or_sync_fifo.gl0.rd/gr1.gr1_int.rfwft/aempty_fwft_i, MIPSfpga_system_i/axi_interconnect_0/m02_couplers/auto_ds/inst/gen_downsizer.gen_simple_downsizer.axi_downsizer_inst/USE_WRITE.write_addr_inst/cmd_queue/inst/fifo_gen_inst/inst_fifo_gen/gconvfifo.rf/grf.rf/gntv_or_sync_fifo.gl0.rd/gr1.gr1_int.rfwft/aempty_fwft_i, MIPSfpga_system_i/axi_interconnect_0/m00_couplers/auto_ds/inst/gen_downsizer.gen_simple_downsizer.axi_downsizer_inst/USE_WRITE.write_addr_inst/USE_B_CHANNEL.cmd_b_queue/inst/fifo_gen_inst/inst_fifo_gen/gconvfifo.rf/grf.rf/gntv_or_sync_fifo.gl0.rd/gr1.gr1_int.rfwft/aempty_fwft_i, MIPSfpga_system_i/axi_interconnect_0/m03_couplers/auto_cc/inst/gen_clock_conv.gen_async_conv.asyncfifo_axi/inst_fifo_gen/gaxi_full_lite.gwrite_ch.gwach2.axi_wach/grf.rf/gntv_or_sync_fifo.gl0.rd/gr1.gr1_int.rfwft/aempty_fwft_i, MIPSfpga_system_i/axi_interconnect_0/m05_couplers/auto_ds/inst/gen_downsizer.gen_simple_downsizer.axi_downsizer_inst/USE_READ.read_addr_inst/cmd_queue/inst/fifo_gen_inst/inst_fifo_gen/gconvfifo.rf/grf.rf/gntv_or_sync_fifo.gl0.rd/gr1.gr1_int.rfwft/aempty_fwft_i, MIPSfpga_system_i/axi_interconnect_0/m07_couplers/auto_ds/inst/gen_downsizer.gen_simple_downsizer.axi_downsizer_inst/USE_READ.read_addr_inst/cmd_queue/inst/fifo_gen_inst/inst_fifo_gen/gconvfifo.rf/grf.rf/gntv_or_sync_fifo.gl0.rd/gr1.gr1_int.rfwft/aempty_fwft_i, MIPSfpga_system_i/axi_interconnect_0/m07_couplers/auto_ds/inst/gen_downsizer.gen_simple_downsizer.axi_downsizer_inst/USE_WRITE.write_addr_inst/cmd_queue/inst/fifo_gen_inst/inst_fifo_gen/gconvfifo.rf/grf.rf/gntv_or_sync_fifo.gl0.rd/gr1.gr1_int.rfwft/aempty_fwft_i, MIPSfpga_system_i/axi_interconnect_0/m04_couplers/auto_ds/inst/gen_downsizer.gen_simple_downsizer.axi_downsizer_inst/USE_WRITE.write_addr_inst/USE_B_CHANNEL.cmd_b_queue/inst/fifo_gen_inst/inst_fifo_gen/gconvfifo.rf/grf.rf/gntv_or_sync_fifo.gl0.rd/gr1.gr1_int.rfwft/aempty_fwft_i, MIPSfpga_system_i/axi_interconnect_0/m00_couplers/auto_ds/inst/gen_downsizer.gen_simple_downsizer.axi_downsizer_inst/USE_READ.read_addr_inst/cmd_queue/inst/fifo_gen_inst/inst_fifo_gen/gconvfifo.rf/grf.rf/gntv_or_sync_fifo.gl0.rd/gr1.gr1_int.rfwft/aempty_fwft_i, MIPSfpga_system_i/axi_interconnect_0/m04_couplers/auto_ds/inst/gen_downsizer.gen_simple_downsizer.axi_downsizer_inst/USE_WRITE.write_addr_inst/cmd_queue/inst/fifo_gen_inst/inst_fifo_gen/gconvfifo.rf/grf.rf/gntv_or_sync_fifo.gl0.rd/gr1.gr1_int.rfwft/aempty_fwft_i, MIPSfpga_system_i/axi_interconnect_0/m01_couplers/auto_ds/inst/gen_downsizer.gen_simple_downsizer.axi_downsizer_inst/USE_WRITE.write_addr_inst/USE_B_CHANNEL.cmd_b_queue/inst/fifo_gen_inst/inst_fifo_gen/gconvfifo.rf/grf.rf/gntv_or_sync_fifo.gl0.rd/gr1.gr1_int.rfwft/aempty_fwft_i, MIPSfpga_system_i/axi_interconnect_0/m03_couplers/auto_cc/inst/gen_clock_conv.gen_async_conv.asyncfifo_axi/inst_fifo_gen/gaxi_full_lite.gwrite_ch.gwrch2.axi_wrch/grf.rf/gntv_or_sync_fifo.gl0.rd/gr1.gr1_int.rfwft/aempty_fwft_i... and (the first 15 of 120 listed).
INFO: [Vivado 12-3199] DRC finished with 0 Errors, 3 Warnings
INFO: [Vivado 12-3200] Please refer to the DRC report (report_drc) for more information.
INFO: [Designutils 20-2272] Running write_bitstream with 2 threads.
Loading data files...
Loading site data...
Loading route data...
Processing options...
Creating bitmap...
Creating bitstream...
Writing bitstream ./MIPSfpga_system_wrapper.bit...
INFO: [Vivado 12-1842] Bitgen Completed Successfully.
INFO: [Project 1-120] WebTalk data collection is mandatory when using a WebPACK part without a full Vivado license. To see the specific WebTalk data collected for your design, open the usage_statistics_webtalk.html or usage_statistics_webtalk.xml file in the implementation directory.
INFO: [Common 17-83] Releasing license: Implementation
22 Infos, 3 Warnings, 0 Critical Warnings and 0 Errors encountered.
write_bitstream completed successfully
write_bitstream: Time (s): cpu = 00:00:50 ; elapsed = 00:00:35 . Memory (MB): peak = 2066.316 ; gain = 580.867
INFO: [Common 17-206] Exiting Vivado at Thu Oct  1 11:25:57 2020...
