#-----------------------------------------------------------
# Vivado v2018.2 (64-bit)
# SW Build 2258646 on Thu Jun 14 20:03:12 MDT 2018
# IP Build 2256618 on Thu Jun 14 22:10:49 MDT 2018
# Start of session at: Wed Sep 30 21:30:41 2020
# Process ID: 19480
# Current directory: E:/ComputerSystem/AWorkSpace/BluetoothCarHardWare/MIPSfpga_axi4_ddr
# Command line: vivado.exe -gui_launcher_event rodinguilauncherevent1872 E:\ComputerSystem\AWorkSpace\BluetoothCarHardWare\MIPSfpga_axi4_ddr\MIPSfpga_axi4_ddr.xpr
# Log file: E:/ComputerSystem/AWorkSpace/BluetoothCarHardWare/MIPSfpga_axi4_ddr/vivado.log
# Journal file: E:/ComputerSystem/AWorkSpace/BluetoothCarHardWare/MIPSfpga_axi4_ddr\vivado.jou
#-----------------------------------------------------------
start_gui
open_project E:/ComputerSystem/AWorkSpace/BluetoothCarHardWare/MIPSfpga_axi4_ddr/MIPSfpga_axi4_ddr.xpr
Scanning sources...
Finished scanning sources
INFO: [IP_Flow 19-234] Refreshing IP repositories
INFO: [IP_Flow 19-1700] Loaded user IP repository 'e:/ComputerSystem/AWorkSpace/BluetoothCarHardWare/ip_repo'.
INFO: [IP_Flow 19-1700] Loaded user IP repository 'e:/ComputerSystem/AWorkSpace/BluetoothCarHardWare/Car_Driver_Control'.
INFO: [IP_Flow 19-2313] Loaded Vivado IP repository 'C:/Xilinx/Vivado/2018.2/data/ip'.
open_project: Time (s): cpu = 00:00:16 ; elapsed = 00:00:11 . Memory (MB): peak = 851.555 ; gain = 140.516
update_compile_order -fileset sources_1
open_bd_design {E:/ComputerSystem/AWorkSpace/BluetoothCarHardWare/MIPSfpga_axi4_ddr/MIPSfpga_axi4_ddr.srcs/sources_1/bd/MIPSfpga_system/MIPSfpga_system.bd}
Adding cell -- imgtec.org:user:MIPS_MicroAptiv_UP:1.3.1 - MIPS_MicroAptiv_UP_0
Adding cell -- xilinx.com:user:PWM_w_Int:1.0 - PWM_w_Int_0
Adding cell -- xilinx.com:ip:xlconcat:2.1 - xlconcat_0
Adding cell -- xilinx.com:ip:xlconcat:2.1 - xlconcat_1
Adding cell -- xilinx.com:ip:ahblite_axi_bridge:3.0 - ahblite_axi_bridge_0
Adding cell -- xilinx.com:ip:axi_bram_ctrl:4.0 - axi_bram_ctrl_0
Adding cell -- xilinx.com:ip:axi_gpio:2.0 - axi_gpio_0
Adding cell -- xilinx.com:ip:axi_intc:4.1 - axi_intc_0
Adding cell -- xilinx.com:ip:axi_uart16550:2.0 - axi_uart16550_0
Adding cell -- xilinx.com:ip:blk_mem_gen:8.4 - blk_mem_gen_0
Adding cell -- xilinx.com:ip:clk_wiz:6.0 - clk_wiz_0
Adding cell -- xilinx.com:ip:mig_7series:4.1 - mig_7series_0
Adding cell -- xilinx.com:ip:util_ds_buf:2.1 - util_ds_buf_0
Adding cell -- xilinx.com:ip:util_vector_logic:2.0 - util_vector_logic_0
Adding cell -- xilinx.com:ip:util_vector_logic:2.0 - util_vector_logic_1
Adding cell -- xilinx.com:ip:util_vector_logic:2.0 - util_vector_logic_2
Adding cell -- xilinx.com:ip:xlconstant:1.1 - xlconstant_0
Adding cell -- xilinx.com:ip:xlconstant:1.1 - xlconstant_1
Adding cell -- xilinx.com:ip:xlconstant:1.1 - xlconstant_2
Adding cell -- xilinx.com:ip:xlconstant:1.1 - xlconstant_3
Adding cell -- xilinx.com:ip:xlconstant:1.1 - xlconstant_4
Adding cell -- xilinx.com:ip:axi_uart16550:2.0 - axi_uart16550_1
Adding cell -- xilinx.com:ip:axi_gpio:2.0 - axi_gpio_1
Adding cell -- xilinx.com:user:CarDriverControl:1.0 - CarDriverControl_0
WARNING: [BD 41-1731] Type mismatch between connected pins: /MIPS_MicroAptiv_UP_0/HRESETn(undef) and /PWM_w_Int_0/s00_axi_aresetn(rst)
WARNING: [BD 41-1731] Type mismatch between connected pins: /MIPS_MicroAptiv_UP_0/HRESETn(undef) and /ahblite_axi_bridge_0/s_ahb_hresetn(rst)
WARNING: [BD 41-1731] Type mismatch between connected pins: /MIPS_MicroAptiv_UP_0/HRESETn(undef) and /axi_bram_ctrl_0/s_axi_aresetn(rst)
WARNING: [BD 41-1731] Type mismatch between connected pins: /MIPS_MicroAptiv_UP_0/HRESETn(undef) and /axi_gpio_0/s_axi_aresetn(rst)
WARNING: [BD 41-1731] Type mismatch between connected pins: /MIPS_MicroAptiv_UP_0/HRESETn(undef) and /axi_intc_0/s_axi_aresetn(rst)
WARNING: [BD 41-1731] Type mismatch between connected pins: /MIPS_MicroAptiv_UP_0/HRESETn(undef) and /axi_uart16550_0/s_axi_aresetn(rst)
WARNING: [BD 41-1731] Type mismatch between connected pins: /MIPS_MicroAptiv_UP_0/HRESETn(undef) and /mig_7series_0/aresetn(rst)
WARNING: [BD 41-1731] Type mismatch between connected pins: /MIPS_MicroAptiv_UP_0/HRESETn(undef) and /axi_uart16550_1/s_axi_aresetn(rst)
WARNING: [BD 41-1731] Type mismatch between connected pins: /MIPS_MicroAptiv_UP_0/HRESETn(undef) and /axi_gpio_1/s_axi_aresetn(rst)
WARNING: [BD 41-1731] Type mismatch between connected pins: /MIPS_MicroAptiv_UP_0/HRESETn(undef) and /CarDriverControl_0/reset(rst)
WARNING: [BD 41-1731] Type mismatch between connected pins: /clk_wiz_0/clk_out1(clk) and /MIPS_MicroAptiv_UP_0/SI_ClkIn(undef)
WARNING: [BD 41-1731] Type mismatch between connected pins: /util_ds_buf_0/BUFG_O(clk) and /MIPS_MicroAptiv_UP_0/EJ_TCK(undef)
Adding cell -- xilinx.com:ip:axi_crossbar:2.1 - xbar
Adding cell -- xilinx.com:ip:axi_dwidth_converter:2.1 - auto_ds
Adding cell -- xilinx.com:ip:axi_protocol_converter:2.1 - auto_pc
Adding cell -- xilinx.com:ip:axi_dwidth_converter:2.1 - auto_ds
Adding cell -- xilinx.com:ip:axi_protocol_converter:2.1 - auto_pc
Adding cell -- xilinx.com:ip:axi_dwidth_converter:2.1 - auto_ds
Adding cell -- xilinx.com:ip:axi_protocol_converter:2.1 - auto_pc
Adding cell -- xilinx.com:ip:axi_dwidth_converter:2.1 - auto_ds
Adding cell -- xilinx.com:ip:axi_protocol_converter:2.1 - auto_pc
Adding cell -- xilinx.com:ip:axi_clock_converter:2.1 - auto_cc
Adding cell -- xilinx.com:ip:axi_dwidth_converter:2.1 - auto_ds
Adding cell -- xilinx.com:ip:axi_protocol_converter:2.1 - auto_pc
Adding cell -- xilinx.com:ip:axi_dwidth_converter:2.1 - auto_ds
Adding cell -- xilinx.com:ip:axi_dwidth_converter:2.1 - auto_ds
Adding cell -- xilinx.com:ip:axi_protocol_converter:2.1 - auto_pc
Adding cell -- xilinx.com:ip:axi_dwidth_converter:2.1 - auto_us
WARNING: [BD 41-1731] Type mismatch between connected pins: /MIPS_MicroAptiv_UP_0/HRESETn(undef) and /axi_interconnect_0/ARESETN(rst)
WARNING: [BD 41-1731] Type mismatch between connected pins: /MIPS_MicroAptiv_UP_0/HRESETn(undef) and /axi_interconnect_0/S00_ARESETN(rst)
WARNING: [BD 41-1731] Type mismatch between connected pins: /MIPS_MicroAptiv_UP_0/HRESETn(undef) and /axi_interconnect_0/M00_ARESETN(rst)
WARNING: [BD 41-1731] Type mismatch between connected pins: /MIPS_MicroAptiv_UP_0/HRESETn(undef) and /axi_interconnect_0/M01_ARESETN(rst)
WARNING: [BD 41-1731] Type mismatch between connected pins: /MIPS_MicroAptiv_UP_0/HRESETn(undef) and /axi_interconnect_0/M02_ARESETN(rst)
WARNING: [BD 41-1731] Type mismatch between connected pins: /MIPS_MicroAptiv_UP_0/HRESETn(undef) and /axi_interconnect_0/M04_ARESETN(rst)
WARNING: [BD 41-1731] Type mismatch between connected pins: /MIPS_MicroAptiv_UP_0/HRESETn(undef) and /axi_interconnect_0/M05_ARESETN(rst)
WARNING: [BD 41-1731] Type mismatch between connected pins: /MIPS_MicroAptiv_UP_0/HRESETn(undef) and /axi_interconnect_0/M06_ARESETN(rst)
WARNING: [BD 41-1731] Type mismatch between connected pins: /MIPS_MicroAptiv_UP_0/HRESETn(undef) and /axi_interconnect_0/M07_ARESETN(rst)
Successfully read diagram <MIPSfpga_system> from BD file <E:/ComputerSystem/AWorkSpace/BluetoothCarHardWare/MIPSfpga_axi4_ddr/MIPSfpga_axi4_ddr.srcs/sources_1/bd/MIPSfpga_system/MIPSfpga_system.bd>
delete_bd_objs [get_bd_nets axi_gpio_1_gpio_io_o]
save_bd_design
Wrote  : <E:/ComputerSystem/AWorkSpace/BluetoothCarHardWare/MIPSfpga_axi4_ddr/MIPSfpga_axi4_ddr.srcs/sources_1/bd/MIPSfpga_system/MIPSfpga_system.bd> 
Wrote  : <E:/ComputerSystem/AWorkSpace/BluetoothCarHardWare/MIPSfpga_axi4_ddr/MIPSfpga_axi4_ddr.srcs/sources_1/bd/MIPSfpga_system/ui/bd_690e812b.ui> 
connect_bd_net [get_bd_pins axi_gpio_1/gpio_io_o] [get_bd_pins CarDriverControl_0/param]
WARNING: [BD 41-1306] The connection to interface pin /axi_gpio_1/gpio_io_o is being overridden by the user. This pin will not be connected as a part of interface connection GPIO
save_bd_design
Wrote  : <E:/ComputerSystem/AWorkSpace/BluetoothCarHardWare/MIPSfpga_axi4_ddr/MIPSfpga_axi4_ddr.srcs/sources_1/bd/MIPSfpga_system/MIPSfpga_system.bd> 
Wrote  : <E:/ComputerSystem/AWorkSpace/BluetoothCarHardWare/MIPSfpga_axi4_ddr/MIPSfpga_axi4_ddr.srcs/sources_1/bd/MIPSfpga_system/ui/bd_690e812b.ui> 
launch_runs impl_1 -jobs 8
WARNING: [xilinx.com:ip:axi_intc:4.1-6] /axi_intc_0: Property SENSITIVITY = "NULL" for interrupt input 7 not recognized - using default interrupt type Rising Edge. Please change this manually if necessary.
WARNING: [xilinx.com:ip:axi_intc:4.1-6] /axi_intc_0: Property SENSITIVITY = "NULL" for interrupt input 6 not recognized - using default interrupt type Rising Edge. Please change this manually if necessary.
WARNING: [xilinx.com:ip:axi_intc:4.1-6] /axi_intc_0: Property SENSITIVITY = "NULL" for interrupt input 4 not recognized - using default interrupt type Rising Edge. Please change this manually if necessary.
WARNING: [xilinx.com:ip:axi_intc:4.1-6] /axi_intc_0: Property SENSITIVITY = "NULL" for interrupt input 3 not recognized - using default interrupt type Rising Edge. Please change this manually if necessary.
WARNING: [xilinx.com:ip:axi_intc:4.1-6] /axi_intc_0: Property SENSITIVITY = "NULL" for interrupt input 2 not recognized - using default interrupt type Rising Edge. Please change this manually if necessary.
WARNING: [xilinx.com:ip:axi_intc:4.1-6] /axi_intc_0: Property SENSITIVITY = "NULL" for interrupt input 0 not recognized - using default interrupt type Rising Edge. Please change this manually if necessary.
WARNING: [xilinx.com:ip:axi_intc:4.1-13] /axi_intc_0: Interrupt output connection Bus is selected, but the interrupt bus interface is not connected to a matching interface. Please consider selecting Single instead.
CRITICAL WARNING: [BD 41-237] Bus Interface property MASTER_TYPE does not match between /blk_mem_gen_0/BRAM_PORTA(OTHER) and /axi_bram_ctrl_0/BRAM_PORTA(BRAM_CTRL)
WARNING: [BD 41-927] Following properties on pin /MIPS_MicroAptiv_UP_0/HCLK have been updated from connected ip. They may not be synchronized with cell properties. You can set property on pin directly to confirm the value and resolve the warning.
	CLK_DOMAIN=MIPSfpga_system_MIPS_MicroAptiv_UP_0_0_HCLK 
WARNING: [BD 41-927] Following properties on pin /CarDriverControl_0/clk have been updated from connected ip. They may not be synchronized with cell properties. You can set property on pin directly to confirm the value and resolve the warning.
	CLK_DOMAIN=MIPSfpga_system_MIPS_MicroAptiv_UP_0_0_HCLK 
WARNING: [BD 41-927] Following properties on pin /CarDriverControl_0/dir_clk have been updated from connected ip. They may not be synchronized with cell properties. You can set property on pin directly to confirm the value and resolve the warning.
	CLK_DOMAIN=MIPSfpga_system_CarDriverControl_0_0_dir_clk 
Wrote  : <E:/ComputerSystem/AWorkSpace/BluetoothCarHardWare/MIPSfpga_axi4_ddr/MIPSfpga_axi4_ddr.srcs/sources_1/bd/MIPSfpga_system/MIPSfpga_system.bd> 
WARNING: [BD 41-235] Width mismatch when connecting pin: '/blk_mem_gen_0/wea'(1) to net 'axi_bram_ctrl_0_BRAM_PORTA_WE'(4) - Only lower order bits will be connected.
VHDL Output written to : E:/ComputerSystem/AWorkSpace/BluetoothCarHardWare/MIPSfpga_axi4_ddr/MIPSfpga_axi4_ddr.srcs/sources_1/bd/MIPSfpga_system/synth/MIPSfpga_system.v
WARNING: [BD 41-235] Width mismatch when connecting pin: '/blk_mem_gen_0/wea'(1) to net 'axi_bram_ctrl_0_BRAM_PORTA_WE'(4) - Only lower order bits will be connected.
VHDL Output written to : E:/ComputerSystem/AWorkSpace/BluetoothCarHardWare/MIPSfpga_axi4_ddr/MIPSfpga_axi4_ddr.srcs/sources_1/bd/MIPSfpga_system/sim/MIPSfpga_system.v
VHDL Output written to : E:/ComputerSystem/AWorkSpace/BluetoothCarHardWare/MIPSfpga_axi4_ddr/MIPSfpga_axi4_ddr.srcs/sources_1/bd/MIPSfpga_system/hdl/MIPSfpga_system_wrapper.v
INFO: [BD 41-1029] Generation completed for the IP Integrator block MIPS_MicroAptiv_UP_0 .
INFO: [BD 41-1029] Generation completed for the IP Integrator block PWM_w_Int_0 .
INFO: [BD 41-1029] Generation completed for the IP Integrator block ahblite_axi_bridge_0 .
INFO: [BD 41-1029] Generation completed for the IP Integrator block axi_bram_ctrl_0 .
INFO: [BD 41-1029] Generation completed for the IP Integrator block axi_gpio_0 .
INFO: [BD 41-1029] Generation completed for the IP Integrator block axi_intc_0 .
INFO: [BD 41-1029] Generation completed for the IP Integrator block axi_uart16550_0 .
INFO: [BD 41-1029] Generation completed for the IP Integrator block blk_mem_gen_0 .
INFO: [BD 41-1029] Generation completed for the IP Integrator block clk_wiz_0 .
INFO: [BD 41-1029] Generation completed for the IP Integrator block mig_7series_0 .
INFO: [BD 41-1029] Generation completed for the IP Integrator block util_ds_buf_0 .
INFO: [BD 41-1029] Generation completed for the IP Integrator block util_vector_logic_0 .
INFO: [BD 41-1029] Generation completed for the IP Integrator block util_vector_logic_1 .
INFO: [BD 41-1029] Generation completed for the IP Integrator block util_vector_logic_2 .
INFO: [BD 41-1029] Generation completed for the IP Integrator block xlconcat_0 .
INFO: [BD 41-1029] Generation completed for the IP Integrator block xlconcat_1 .
INFO: [BD 41-1029] Generation completed for the IP Integrator block xlconstant_0 .
INFO: [BD 41-1029] Generation completed for the IP Integrator block xlconstant_1 .
INFO: [BD 41-1029] Generation completed for the IP Integrator block xlconstant_2 .
INFO: [BD 41-1029] Generation completed for the IP Integrator block xlconstant_3 .
INFO: [BD 41-1029] Generation completed for the IP Integrator block xlconstant_4 .
INFO: [BD 41-1029] Generation completed for the IP Integrator block axi_interconnect_0/xbar .
INFO: [BD 41-1029] Generation completed for the IP Integrator block axi_uart16550_1 .
INFO: [BD 41-1029] Generation completed for the IP Integrator block axi_gpio_1 .
INFO: [BD 41-1029] Generation completed for the IP Integrator block CarDriverControl_0 .
WARNING: [IP_Flow 19-4994] Overwriting existing constraint file 'e:/ComputerSystem/AWorkSpace/BluetoothCarHardWare/MIPSfpga_axi4_ddr/MIPSfpga_axi4_ddr.srcs/sources_1/bd/MIPSfpga_system/ip/MIPSfpga_system_auto_ds_6/MIPSfpga_system_auto_ds_6_ooc.xdc'
INFO: [BD 41-1029] Generation completed for the IP Integrator block axi_interconnect_0/m07_couplers/auto_ds .
WARNING: [IP_Flow 19-4994] Overwriting existing constraint file 'e:/ComputerSystem/AWorkSpace/BluetoothCarHardWare/MIPSfpga_axi4_ddr/MIPSfpga_axi4_ddr.srcs/sources_1/bd/MIPSfpga_system/ip/MIPSfpga_system_auto_pc_5/MIPSfpga_system_auto_pc_5_ooc.xdc'
INFO: [BD 41-1029] Generation completed for the IP Integrator block axi_interconnect_0/m07_couplers/auto_pc .
WARNING: [IP_Flow 19-4994] Overwriting existing constraint file 'e:/ComputerSystem/AWorkSpace/BluetoothCarHardWare/MIPSfpga_axi4_ddr/MIPSfpga_axi4_ddr.srcs/sources_1/bd/MIPSfpga_system/ip/MIPSfpga_system_auto_ds_5_1/MIPSfpga_system_auto_ds_5_ooc.xdc'
INFO: [BD 41-1029] Generation completed for the IP Integrator block axi_interconnect_0/m06_couplers/auto_ds .
WARNING: [IP_Flow 19-4994] Overwriting existing constraint file 'e:/ComputerSystem/AWorkSpace/BluetoothCarHardWare/MIPSfpga_axi4_ddr/MIPSfpga_axi4_ddr.srcs/sources_1/bd/MIPSfpga_system/ip/MIPSfpga_system_auto_pc_4_1/MIPSfpga_system_auto_pc_4_ooc.xdc'
INFO: [BD 41-1029] Generation completed for the IP Integrator block axi_interconnect_0/m06_couplers/auto_pc .
WARNING: [IP_Flow 19-4994] Overwriting existing constraint file 'e:/ComputerSystem/AWorkSpace/BluetoothCarHardWare/MIPSfpga_axi4_ddr/MIPSfpga_axi4_ddr.srcs/sources_1/bd/MIPSfpga_system/ip/MIPSfpga_system_auto_ds_4/MIPSfpga_system_auto_ds_4_ooc.xdc'
INFO: [BD 41-1029] Generation completed for the IP Integrator block axi_interconnect_0/m05_couplers/auto_ds .
WARNING: [IP_Flow 19-4994] Overwriting existing constraint file 'e:/ComputerSystem/AWorkSpace/BluetoothCarHardWare/MIPSfpga_axi4_ddr/MIPSfpga_axi4_ddr.srcs/sources_1/bd/MIPSfpga_system/ip/MIPSfpga_system_auto_pc_3/MIPSfpga_system_auto_pc_3_ooc.xdc'
INFO: [BD 41-1029] Generation completed for the IP Integrator block axi_interconnect_0/m05_couplers/auto_pc .
WARNING: [IP_Flow 19-4994] Overwriting existing constraint file 'e:/ComputerSystem/AWorkSpace/BluetoothCarHardWare/MIPSfpga_axi4_ddr/MIPSfpga_axi4_ddr.srcs/sources_1/bd/MIPSfpga_system/ip/MIPSfpga_system_auto_ds_3/MIPSfpga_system_auto_ds_3_ooc.xdc'
INFO: [BD 41-1029] Generation completed for the IP Integrator block axi_interconnect_0/m04_couplers/auto_ds .
WARNING: [IP_Flow 19-4994] Overwriting existing constraint file 'e:/ComputerSystem/AWorkSpace/BluetoothCarHardWare/MIPSfpga_axi4_ddr/MIPSfpga_axi4_ddr.srcs/sources_1/bd/MIPSfpga_system/ip/MIPSfpga_system_auto_pc_2/MIPSfpga_system_auto_pc_2_ooc.xdc'
INFO: [BD 41-1029] Generation completed for the IP Integrator block axi_interconnect_0/m04_couplers/auto_pc .
WARNING: [IP_Flow 19-4994] Overwriting existing constraint file 'e:/ComputerSystem/AWorkSpace/BluetoothCarHardWare/MIPSfpga_axi4_ddr/MIPSfpga_axi4_ddr.srcs/sources_1/bd/MIPSfpga_system/ip/MIPSfpga_system_auto_cc_0/MIPSfpga_system_auto_cc_0_ooc.xdc'
INFO: [BD 41-1029] Generation completed for the IP Integrator block axi_interconnect_0/m03_couplers/auto_cc .
WARNING: [IP_Flow 19-4994] Overwriting existing constraint file 'e:/ComputerSystem/AWorkSpace/BluetoothCarHardWare/MIPSfpga_axi4_ddr/MIPSfpga_axi4_ddr.srcs/sources_1/bd/MIPSfpga_system/ip/MIPSfpga_system_auto_ds_2/MIPSfpga_system_auto_ds_2_ooc.xdc'
INFO: [BD 41-1029] Generation completed for the IP Integrator block axi_interconnect_0/m02_couplers/auto_ds .
WARNING: [IP_Flow 19-4994] Overwriting existing constraint file 'e:/ComputerSystem/AWorkSpace/BluetoothCarHardWare/MIPSfpga_axi4_ddr/MIPSfpga_axi4_ddr.srcs/sources_1/bd/MIPSfpga_system/ip/MIPSfpga_system_auto_pc_1/MIPSfpga_system_auto_pc_1_ooc.xdc'
INFO: [BD 41-1029] Generation completed for the IP Integrator block axi_interconnect_0/m02_couplers/auto_pc .
WARNING: [IP_Flow 19-4994] Overwriting existing constraint file 'e:/ComputerSystem/AWorkSpace/BluetoothCarHardWare/MIPSfpga_axi4_ddr/MIPSfpga_axi4_ddr.srcs/sources_1/bd/MIPSfpga_system/ip/MIPSfpga_system_auto_ds_1/MIPSfpga_system_auto_ds_1_ooc.xdc'
INFO: [BD 41-1029] Generation completed for the IP Integrator block axi_interconnect_0/m01_couplers/auto_ds .
WARNING: [IP_Flow 19-4994] Overwriting existing constraint file 'e:/ComputerSystem/AWorkSpace/BluetoothCarHardWare/MIPSfpga_axi4_ddr/MIPSfpga_axi4_ddr.srcs/sources_1/bd/MIPSfpga_system/ip/MIPSfpga_system_auto_ds_0/MIPSfpga_system_auto_ds_0_ooc.xdc'
INFO: [BD 41-1029] Generation completed for the IP Integrator block axi_interconnect_0/m00_couplers/auto_ds .
WARNING: [IP_Flow 19-4994] Overwriting existing constraint file 'e:/ComputerSystem/AWorkSpace/BluetoothCarHardWare/MIPSfpga_axi4_ddr/MIPSfpga_axi4_ddr.srcs/sources_1/bd/MIPSfpga_system/ip/MIPSfpga_system_auto_pc_0/MIPSfpga_system_auto_pc_0_ooc.xdc'
INFO: [BD 41-1029] Generation completed for the IP Integrator block axi_interconnect_0/m00_couplers/auto_pc .
WARNING: [IP_Flow 19-4994] Overwriting existing constraint file 'e:/ComputerSystem/AWorkSpace/BluetoothCarHardWare/MIPSfpga_axi4_ddr/MIPSfpga_axi4_ddr.srcs/sources_1/bd/MIPSfpga_system/ip/MIPSfpga_system_auto_us_0/MIPSfpga_system_auto_us_0_ooc.xdc'
INFO: [BD 41-1029] Generation completed for the IP Integrator block axi_interconnect_0/s00_couplers/auto_us .
Exporting to file E:/ComputerSystem/AWorkSpace/BluetoothCarHardWare/MIPSfpga_axi4_ddr/MIPSfpga_axi4_ddr.srcs/sources_1/bd/MIPSfpga_system/hw_handoff/MIPSfpga_system.hwh
Generated Block Design Tcl file E:/ComputerSystem/AWorkSpace/BluetoothCarHardWare/MIPSfpga_axi4_ddr/MIPSfpga_axi4_ddr.srcs/sources_1/bd/MIPSfpga_system/hw_handoff/MIPSfpga_system_bd.tcl
Generated Hardware Definition File E:/ComputerSystem/AWorkSpace/BluetoothCarHardWare/MIPSfpga_axi4_ddr/MIPSfpga_axi4_ddr.srcs/sources_1/bd/MIPSfpga_system/synth/MIPSfpga_system.hwdef
[Wed Sep 30 21:33:23 2020] Launched synth_1...
Run output will be captured here: E:/ComputerSystem/AWorkSpace/BluetoothCarHardWare/MIPSfpga_axi4_ddr/MIPSfpga_axi4_ddr.runs/synth_1/runme.log
[Wed Sep 30 21:33:23 2020] Launched impl_1...
Run output will be captured here: E:/ComputerSystem/AWorkSpace/BluetoothCarHardWare/MIPSfpga_axi4_ddr/MIPSfpga_axi4_ddr.runs/impl_1/runme.log
launch_runs: Time (s): cpu = 00:00:22 ; elapsed = 00:00:56 . Memory (MB): peak = 1196.094 ; gain = 224.035
delete_bd_objs [get_bd_nets axi_gpio_1_gpio_io_o] [get_bd_nets CarDriverControl_0_dir_clk] [get_bd_nets CarDriverControl_0_dir_enable] [get_bd_nets CarDriverControl_0_dir_serial] [get_bd_nets CarDriverControl_0_dir_latch] [get_bd_nets CarDriverControl_0_wheel] [get_bd_cells CarDriverControl_0]
save_bd_design
Wrote  : <E:/ComputerSystem/AWorkSpace/BluetoothCarHardWare/MIPSfpga_axi4_ddr/MIPSfpga_axi4_ddr.srcs/sources_1/bd/MIPSfpga_system/MIPSfpga_system.bd> 
Wrote  : <E:/ComputerSystem/AWorkSpace/BluetoothCarHardWare/MIPSfpga_axi4_ddr/MIPSfpga_axi4_ddr.srcs/sources_1/bd/MIPSfpga_system/ui/bd_690e812b.ui> 
set_property  ip_repo_paths  {e:/ComputerSystem/AWorkSpace/BluetoothCarHardWare/ip_repo E:/ComputerSystem/BroKangOffer/system_ability_2018/ip_repo/Wheel e:/ComputerSystem/AWorkSpace/BluetoothCarHardWare/Car_Driver_Control} [current_project]
update_ip_catalog
INFO: [IP_Flow 19-234] Refreshing IP repositories
INFO: [IP_Flow 19-1700] Loaded user IP repository 'e:/ComputerSystem/AWorkSpace/BluetoothCarHardWare/ip_repo'.
INFO: [IP_Flow 19-1700] Loaded user IP repository 'e:/ComputerSystem/BroKangOffer/system_ability_2018/ip_repo/Wheel'.
INFO: [IP_Flow 19-1700] Loaded user IP repository 'e:/ComputerSystem/AWorkSpace/BluetoothCarHardWare/Car_Driver_Control'.
update_ip_catalog
create_bd_cell -type ip -vlnv xilinx.com:user:WheelController:1.0 WheelController_0
set_property location {5 2036 659} [get_bd_cells WheelController_0]
set_property location {5 2026 685} [get_bd_cells WheelController_0]
connect_bd_net [get_bd_pins axi_gpio_1/gpio_io_o] [get_bd_pins WheelController_0/para]
WARNING: [BD 41-1306] The connection to interface pin /axi_gpio_1/gpio_io_o is being overridden by the user. This pin will not be connected as a part of interface connection GPIO
connect_bd_net [get_bd_pins WheelController_0/clk] [get_bd_pins MIPS_MicroAptiv_UP_0/HCLK]
connect_bd_net [get_bd_ports dir_serial] [get_bd_pins WheelController_0/dir_serial]
connect_bd_net [get_bd_ports dir_enable] [get_bd_pins WheelController_0/dir_enable]
connect_bd_net [get_bd_ports dir_latch] [get_bd_pins WheelController_0/dir_latch]
connect_bd_net [get_bd_ports dir_clk] [get_bd_pins WheelController_0/dir_clk]
connect_bd_net [get_bd_ports wheel] [get_bd_pins WheelController_0/wheel]
save_bd_design
Wrote  : <E:/ComputerSystem/AWorkSpace/BluetoothCarHardWare/MIPSfpga_axi4_ddr/MIPSfpga_axi4_ddr.srcs/sources_1/bd/MIPSfpga_system/MIPSfpga_system.bd> 
Wrote  : <E:/ComputerSystem/AWorkSpace/BluetoothCarHardWare/MIPSfpga_axi4_ddr/MIPSfpga_axi4_ddr.srcs/sources_1/bd/MIPSfpga_system/ui/bd_690e812b.ui> 
reset_run synth_1
launch_runs impl_1 -jobs 8
WARNING: [xilinx.com:ip:axi_intc:4.1-6] /axi_intc_0: Property SENSITIVITY = "NULL" for interrupt input 7 not recognized - using default interrupt type Rising Edge. Please change this manually if necessary.
WARNING: [xilinx.com:ip:axi_intc:4.1-6] /axi_intc_0: Property SENSITIVITY = "NULL" for interrupt input 6 not recognized - using default interrupt type Rising Edge. Please change this manually if necessary.
WARNING: [xilinx.com:ip:axi_intc:4.1-6] /axi_intc_0: Property SENSITIVITY = "NULL" for interrupt input 4 not recognized - using default interrupt type Rising Edge. Please change this manually if necessary.
WARNING: [xilinx.com:ip:axi_intc:4.1-6] /axi_intc_0: Property SENSITIVITY = "NULL" for interrupt input 3 not recognized - using default interrupt type Rising Edge. Please change this manually if necessary.
WARNING: [xilinx.com:ip:axi_intc:4.1-6] /axi_intc_0: Property SENSITIVITY = "NULL" for interrupt input 2 not recognized - using default interrupt type Rising Edge. Please change this manually if necessary.
WARNING: [xilinx.com:ip:axi_intc:4.1-6] /axi_intc_0: Property SENSITIVITY = "NULL" for interrupt input 0 not recognized - using default interrupt type Rising Edge. Please change this manually if necessary.
WARNING: [xilinx.com:ip:axi_intc:4.1-13] /axi_intc_0: Interrupt output connection Bus is selected, but the interrupt bus interface is not connected to a matching interface. Please consider selecting Single instead.
CRITICAL WARNING: [BD 41-237] Bus Interface property MASTER_TYPE does not match between /blk_mem_gen_0/BRAM_PORTA(OTHER) and /axi_bram_ctrl_0/BRAM_PORTA(BRAM_CTRL)
WARNING: [BD 41-927] Following properties on pin /MIPS_MicroAptiv_UP_0/HCLK have been updated from connected ip. They may not be synchronized with cell properties. You can set property on pin directly to confirm the value and resolve the warning.
	CLK_DOMAIN=MIPSfpga_system_MIPS_MicroAptiv_UP_0_0_HCLK 
WARNING: [BD 41-927] Following properties on pin /WheelController_0/dir_clk have been updated from connected ip. They may not be synchronized with cell properties. You can set property on pin directly to confirm the value and resolve the warning.
	CLK_DOMAIN=MIPSfpga_system_WheelController_0_0_dir_clk 
Wrote  : <E:/ComputerSystem/AWorkSpace/BluetoothCarHardWare/MIPSfpga_axi4_ddr/MIPSfpga_axi4_ddr.srcs/sources_1/bd/MIPSfpga_system/MIPSfpga_system.bd> 
WARNING: [BD 41-235] Width mismatch when connecting pin: '/blk_mem_gen_0/wea'(1) to net 'axi_bram_ctrl_0_BRAM_PORTA_WE'(4) - Only lower order bits will be connected.
VHDL Output written to : E:/ComputerSystem/AWorkSpace/BluetoothCarHardWare/MIPSfpga_axi4_ddr/MIPSfpga_axi4_ddr.srcs/sources_1/bd/MIPSfpga_system/synth/MIPSfpga_system.v
WARNING: [BD 41-235] Width mismatch when connecting pin: '/blk_mem_gen_0/wea'(1) to net 'axi_bram_ctrl_0_BRAM_PORTA_WE'(4) - Only lower order bits will be connected.
VHDL Output written to : E:/ComputerSystem/AWorkSpace/BluetoothCarHardWare/MIPSfpga_axi4_ddr/MIPSfpga_axi4_ddr.srcs/sources_1/bd/MIPSfpga_system/sim/MIPSfpga_system.v
VHDL Output written to : E:/ComputerSystem/AWorkSpace/BluetoothCarHardWare/MIPSfpga_axi4_ddr/MIPSfpga_axi4_ddr.srcs/sources_1/bd/MIPSfpga_system/hdl/MIPSfpga_system_wrapper.v
INFO: [BD 41-1029] Generation completed for the IP Integrator block MIPS_MicroAptiv_UP_0 .
INFO: [BD 41-1029] Generation completed for the IP Integrator block PWM_w_Int_0 .
INFO: [BD 41-1029] Generation completed for the IP Integrator block ahblite_axi_bridge_0 .
INFO: [BD 41-1029] Generation completed for the IP Integrator block axi_bram_ctrl_0 .
INFO: [BD 41-1029] Generation completed for the IP Integrator block axi_gpio_0 .
INFO: [BD 41-1029] Generation completed for the IP Integrator block axi_intc_0 .
INFO: [BD 41-1029] Generation completed for the IP Integrator block axi_uart16550_0 .
INFO: [BD 41-1029] Generation completed for the IP Integrator block blk_mem_gen_0 .
INFO: [BD 41-1029] Generation completed for the IP Integrator block clk_wiz_0 .
INFO: [BD 41-1029] Generation completed for the IP Integrator block mig_7series_0 .
INFO: [BD 41-1029] Generation completed for the IP Integrator block util_ds_buf_0 .
INFO: [BD 41-1029] Generation completed for the IP Integrator block util_vector_logic_0 .
INFO: [BD 41-1029] Generation completed for the IP Integrator block util_vector_logic_1 .
INFO: [BD 41-1029] Generation completed for the IP Integrator block util_vector_logic_2 .
INFO: [BD 41-1029] Generation completed for the IP Integrator block xlconcat_0 .
INFO: [BD 41-1029] Generation completed for the IP Integrator block xlconcat_1 .
INFO: [BD 41-1029] Generation completed for the IP Integrator block xlconstant_0 .
INFO: [BD 41-1029] Generation completed for the IP Integrator block xlconstant_1 .
INFO: [BD 41-1029] Generation completed for the IP Integrator block xlconstant_2 .
INFO: [BD 41-1029] Generation completed for the IP Integrator block xlconstant_3 .
INFO: [BD 41-1029] Generation completed for the IP Integrator block xlconstant_4 .
INFO: [BD 41-1029] Generation completed for the IP Integrator block axi_interconnect_0/xbar .
INFO: [BD 41-1029] Generation completed for the IP Integrator block axi_uart16550_1 .
INFO: [BD 41-1029] Generation completed for the IP Integrator block axi_gpio_1 .
INFO: [BD 41-1029] Generation completed for the IP Integrator block WheelController_0 .
WARNING: [IP_Flow 19-4994] Overwriting existing constraint file 'e:/ComputerSystem/AWorkSpace/BluetoothCarHardWare/MIPSfpga_axi4_ddr/MIPSfpga_axi4_ddr.srcs/sources_1/bd/MIPSfpga_system/ip/MIPSfpga_system_auto_ds_6/MIPSfpga_system_auto_ds_6_ooc.xdc'
INFO: [BD 41-1029] Generation completed for the IP Integrator block axi_interconnect_0/m07_couplers/auto_ds .
WARNING: [IP_Flow 19-4994] Overwriting existing constraint file 'e:/ComputerSystem/AWorkSpace/BluetoothCarHardWare/MIPSfpga_axi4_ddr/MIPSfpga_axi4_ddr.srcs/sources_1/bd/MIPSfpga_system/ip/MIPSfpga_system_auto_pc_5/MIPSfpga_system_auto_pc_5_ooc.xdc'
INFO: [BD 41-1029] Generation completed for the IP Integrator block axi_interconnect_0/m07_couplers/auto_pc .
WARNING: [IP_Flow 19-4994] Overwriting existing constraint file 'e:/ComputerSystem/AWorkSpace/BluetoothCarHardWare/MIPSfpga_axi4_ddr/MIPSfpga_axi4_ddr.srcs/sources_1/bd/MIPSfpga_system/ip/MIPSfpga_system_auto_ds_5_1/MIPSfpga_system_auto_ds_5_ooc.xdc'
INFO: [BD 41-1029] Generation completed for the IP Integrator block axi_interconnect_0/m06_couplers/auto_ds .
WARNING: [IP_Flow 19-4994] Overwriting existing constraint file 'e:/ComputerSystem/AWorkSpace/BluetoothCarHardWare/MIPSfpga_axi4_ddr/MIPSfpga_axi4_ddr.srcs/sources_1/bd/MIPSfpga_system/ip/MIPSfpga_system_auto_pc_4_1/MIPSfpga_system_auto_pc_4_ooc.xdc'
INFO: [BD 41-1029] Generation completed for the IP Integrator block axi_interconnect_0/m06_couplers/auto_pc .
WARNING: [IP_Flow 19-4994] Overwriting existing constraint file 'e:/ComputerSystem/AWorkSpace/BluetoothCarHardWare/MIPSfpga_axi4_ddr/MIPSfpga_axi4_ddr.srcs/sources_1/bd/MIPSfpga_system/ip/MIPSfpga_system_auto_ds_4/MIPSfpga_system_auto_ds_4_ooc.xdc'
INFO: [BD 41-1029] Generation completed for the IP Integrator block axi_interconnect_0/m05_couplers/auto_ds .
WARNING: [IP_Flow 19-4994] Overwriting existing constraint file 'e:/ComputerSystem/AWorkSpace/BluetoothCarHardWare/MIPSfpga_axi4_ddr/MIPSfpga_axi4_ddr.srcs/sources_1/bd/MIPSfpga_system/ip/MIPSfpga_system_auto_pc_3/MIPSfpga_system_auto_pc_3_ooc.xdc'
INFO: [BD 41-1029] Generation completed for the IP Integrator block axi_interconnect_0/m05_couplers/auto_pc .
WARNING: [IP_Flow 19-4994] Overwriting existing constraint file 'e:/ComputerSystem/AWorkSpace/BluetoothCarHardWare/MIPSfpga_axi4_ddr/MIPSfpga_axi4_ddr.srcs/sources_1/bd/MIPSfpga_system/ip/MIPSfpga_system_auto_ds_3/MIPSfpga_system_auto_ds_3_ooc.xdc'
INFO: [BD 41-1029] Generation completed for the IP Integrator block axi_interconnect_0/m04_couplers/auto_ds .
WARNING: [IP_Flow 19-4994] Overwriting existing constraint file 'e:/ComputerSystem/AWorkSpace/BluetoothCarHardWare/MIPSfpga_axi4_ddr/MIPSfpga_axi4_ddr.srcs/sources_1/bd/MIPSfpga_system/ip/MIPSfpga_system_auto_pc_2/MIPSfpga_system_auto_pc_2_ooc.xdc'
INFO: [BD 41-1029] Generation completed for the IP Integrator block axi_interconnect_0/m04_couplers/auto_pc .
WARNING: [IP_Flow 19-4994] Overwriting existing constraint file 'e:/ComputerSystem/AWorkSpace/BluetoothCarHardWare/MIPSfpga_axi4_ddr/MIPSfpga_axi4_ddr.srcs/sources_1/bd/MIPSfpga_system/ip/MIPSfpga_system_auto_cc_0/MIPSfpga_system_auto_cc_0_ooc.xdc'
INFO: [BD 41-1029] Generation completed for the IP Integrator block axi_interconnect_0/m03_couplers/auto_cc .
WARNING: [IP_Flow 19-4994] Overwriting existing constraint file 'e:/ComputerSystem/AWorkSpace/BluetoothCarHardWare/MIPSfpga_axi4_ddr/MIPSfpga_axi4_ddr.srcs/sources_1/bd/MIPSfpga_system/ip/MIPSfpga_system_auto_ds_2/MIPSfpga_system_auto_ds_2_ooc.xdc'
INFO: [BD 41-1029] Generation completed for the IP Integrator block axi_interconnect_0/m02_couplers/auto_ds .
WARNING: [IP_Flow 19-4994] Overwriting existing constraint file 'e:/ComputerSystem/AWorkSpace/BluetoothCarHardWare/MIPSfpga_axi4_ddr/MIPSfpga_axi4_ddr.srcs/sources_1/bd/MIPSfpga_system/ip/MIPSfpga_system_auto_pc_1/MIPSfpga_system_auto_pc_1_ooc.xdc'
INFO: [BD 41-1029] Generation completed for the IP Integrator block axi_interconnect_0/m02_couplers/auto_pc .
WARNING: [IP_Flow 19-4994] Overwriting existing constraint file 'e:/ComputerSystem/AWorkSpace/BluetoothCarHardWare/MIPSfpga_axi4_ddr/MIPSfpga_axi4_ddr.srcs/sources_1/bd/MIPSfpga_system/ip/MIPSfpga_system_auto_ds_1/MIPSfpga_system_auto_ds_1_ooc.xdc'
INFO: [BD 41-1029] Generation completed for the IP Integrator block axi_interconnect_0/m01_couplers/auto_ds .
WARNING: [IP_Flow 19-4994] Overwriting existing constraint file 'e:/ComputerSystem/AWorkSpace/BluetoothCarHardWare/MIPSfpga_axi4_ddr/MIPSfpga_axi4_ddr.srcs/sources_1/bd/MIPSfpga_system/ip/MIPSfpga_system_auto_ds_0/MIPSfpga_system_auto_ds_0_ooc.xdc'
INFO: [BD 41-1029] Generation completed for the IP Integrator block axi_interconnect_0/m00_couplers/auto_ds .
WARNING: [IP_Flow 19-4994] Overwriting existing constraint file 'e:/ComputerSystem/AWorkSpace/BluetoothCarHardWare/MIPSfpga_axi4_ddr/MIPSfpga_axi4_ddr.srcs/sources_1/bd/MIPSfpga_system/ip/MIPSfpga_system_auto_pc_0/MIPSfpga_system_auto_pc_0_ooc.xdc'
INFO: [BD 41-1029] Generation completed for the IP Integrator block axi_interconnect_0/m00_couplers/auto_pc .
WARNING: [IP_Flow 19-4994] Overwriting existing constraint file 'e:/ComputerSystem/AWorkSpace/BluetoothCarHardWare/MIPSfpga_axi4_ddr/MIPSfpga_axi4_ddr.srcs/sources_1/bd/MIPSfpga_system/ip/MIPSfpga_system_auto_us_0/MIPSfpga_system_auto_us_0_ooc.xdc'
INFO: [BD 41-1029] Generation completed for the IP Integrator block axi_interconnect_0/s00_couplers/auto_us .
Exporting to file E:/ComputerSystem/AWorkSpace/BluetoothCarHardWare/MIPSfpga_axi4_ddr/MIPSfpga_axi4_ddr.srcs/sources_1/bd/MIPSfpga_system/hw_handoff/MIPSfpga_system.hwh
Generated Block Design Tcl file E:/ComputerSystem/AWorkSpace/BluetoothCarHardWare/MIPSfpga_axi4_ddr/MIPSfpga_axi4_ddr.srcs/sources_1/bd/MIPSfpga_system/hw_handoff/MIPSfpga_system_bd.tcl
Generated Hardware Definition File E:/ComputerSystem/AWorkSpace/BluetoothCarHardWare/MIPSfpga_axi4_ddr/MIPSfpga_axi4_ddr.srcs/sources_1/bd/MIPSfpga_system/synth/MIPSfpga_system.hwdef
[Wed Sep 30 21:54:47 2020] Launched synth_1...
Run output will be captured here: E:/ComputerSystem/AWorkSpace/BluetoothCarHardWare/MIPSfpga_axi4_ddr/MIPSfpga_axi4_ddr.runs/synth_1/runme.log
[Wed Sep 30 21:54:47 2020] Launched impl_1...
Run output will be captured here: E:/ComputerSystem/AWorkSpace/BluetoothCarHardWare/MIPSfpga_axi4_ddr/MIPSfpga_axi4_ddr.runs/impl_1/runme.log
launch_runs: Time (s): cpu = 00:00:15 ; elapsed = 00:00:54 . Memory (MB): peak = 1342.031 ; gain = 14.066
launch_runs impl_1 -to_step write_bitstream -jobs 8
[Wed Sep 30 22:16:07 2020] Launched impl_1...
Run output will be captured here: E:/ComputerSystem/AWorkSpace/BluetoothCarHardWare/MIPSfpga_axi4_ddr/MIPSfpga_axi4_ddr.runs/impl_1/runme.log
exit
INFO: [Common 17-206] Exiting Vivado at Wed Sep 30 22:17:55 2020...
