#-----------------------------------------------------------
# Vivado v2018.2 (64-bit)
# SW Build 2258646 on Thu Jun 14 20:03:12 MDT 2018
# IP Build 2256618 on Thu Jun 14 22:10:49 MDT 2018
# Start of session at: Wed Sep 30 19:36:15 2020
# Process ID: 19832
# Current directory: E:/ComputerSystem/AWorkSpace/BluetoothCarHardWare/MIPSfpga_axi4_ddr
# Command line: vivado.exe -gui_launcher_event rodinguilauncherevent15336 E:\ComputerSystem\AWorkSpace\BluetoothCarHardWare\MIPSfpga_axi4_ddr\MIPSfpga_axi4_ddr.xpr
# Log file: E:/ComputerSystem/AWorkSpace/BluetoothCarHardWare/MIPSfpga_axi4_ddr/vivado.log
# Journal file: E:/ComputerSystem/AWorkSpace/BluetoothCarHardWare/MIPSfpga_axi4_ddr\vivado.jou
#-----------------------------------------------------------
start_gui
open_project E:/ComputerSystem/AWorkSpace/BluetoothCarHardWare/MIPSfpga_axi4_ddr/MIPSfpga_axi4_ddr.xpr
Scanning sources...
Finished scanning sources
INFO: [IP_Flow 19-234] Refreshing IP repositories
INFO: [IP_Flow 19-1700] Loaded user IP repository 'e:/ComputerSystem/AWorkSpace/BluetoothCarHardWare/Car_Driver_Control'.
INFO: [IP_Flow 19-2313] Loaded Vivado IP repository 'C:/Xilinx/Vivado/2018.2/data/ip'.
WARNING: [BD 41-1661] One or more IPs have been locked in the design 'MIPSfpga_system.bd'. Please run report_ip_status for more details and recommendations on how to fix this issue.
List of locked IPs:
MIPSfpga_system_MIPS_MicroAptiv_UP_0_0

open_project: Time (s): cpu = 00:00:19 ; elapsed = 00:00:17 . Memory (MB): peak = 841.801 ; gain = 166.828
update_compile_order -fileset sources_1
reset_run synth_1
launch_runs synth_1 -jobs 8
WARNING: [Runs 36-337] The following IPs are either missing output products or output products are not up-to-date for Synthesis target. Since these IPs are locked, no update to the output products can be done. 
Please select 'Report IP Status' from the 'Tools/Report' menu or run Tcl command 'report_ip_status' for more information.
E:/ComputerSystem/AWorkSpace/BluetoothCarHardWare/MIPSfpga_axi4_ddr/MIPSfpga_axi4_ddr.srcs/sources_1/bd/MIPSfpga_system/MIPSfpga_system.bd

WARNING: [Runs 36-337] The following IPs are either missing output products or output products are not up-to-date for Implementation target. Since these IPs are locked, no update to the output products can be done. 
Please select 'Report IP Status' from the 'Tools/Report' menu or run Tcl command 'report_ip_status' for more information.
E:/ComputerSystem/AWorkSpace/BluetoothCarHardWare/MIPSfpga_axi4_ddr/MIPSfpga_axi4_ddr.srcs/sources_1/bd/MIPSfpga_system/MIPSfpga_system.bd

[Wed Sep 30 19:37:19 2020] Launched synth_1...
Run output will be captured here: E:/ComputerSystem/AWorkSpace/BluetoothCarHardWare/MIPSfpga_axi4_ddr/MIPSfpga_axi4_ddr.runs/synth_1/runme.log
report_ip_status -name ip_status 
INFO: [Vivado 12-5777] IP Instance 'MIPSfpga_system_MIPS_MicroAptiv_UP_0_0' cannot be used in a module reference: 
open_bd_design {E:/ComputerSystem/AWorkSpace/BluetoothCarHardWare/MIPSfpga_axi4_ddr/MIPSfpga_axi4_ddr.srcs/sources_1/bd/MIPSfpga_system/MIPSfpga_system.bd}
Adding cell -- imgtec.org:user:MIPS_MicroAptiv_UP:1.3.1 - MIPS_MicroAptiv_UP_0
Adding cell -- xilinx.com:ip:xlconcat:2.1 - xlconcat_0
Adding cell -- xilinx.com:ip:xlconcat:2.1 - xlconcat_1
Adding cell -- xilinx.com:ip:ahblite_axi_bridge:3.0 - ahblite_axi_bridge_0
Adding cell -- xilinx.com:ip:axi_bram_ctrl:4.0 - axi_bram_ctrl_0
Adding cell -- xilinx.com:ip:axi_gpio:2.0 - axi_gpio_0
Adding cell -- xilinx.com:ip:axi_intc:4.1 - axi_intc_0
Adding cell -- xilinx.com:ip:axi_uart16550:2.0 - axi_uart16550_0
Adding cell -- xilinx.com:ip:blk_mem_gen:8.4 - blk_mem_gen_0
Adding cell -- xilinx.com:ip:clk_wiz:6.0 - clk_wiz_0
Adding cell -- xilinx.com:ip:mig_7series:4.1 - mig_7series_0
Adding cell -- xilinx.com:ip:util_ds_buf:2.1 - util_ds_buf_0
Adding cell -- xilinx.com:ip:util_vector_logic:2.0 - util_vector_logic_0
Adding cell -- xilinx.com:ip:util_vector_logic:2.0 - util_vector_logic_1
Adding cell -- xilinx.com:ip:util_vector_logic:2.0 - util_vector_logic_2
Adding cell -- xilinx.com:ip:xlconstant:1.1 - xlconstant_0
Adding cell -- xilinx.com:ip:xlconstant:1.1 - xlconstant_1
Adding cell -- xilinx.com:ip:xlconstant:1.1 - xlconstant_2
Adding cell -- xilinx.com:ip:xlconstant:1.1 - xlconstant_3
Adding cell -- xilinx.com:ip:xlconstant:1.1 - xlconstant_4
Adding cell -- xilinx.com:ip:axi_uart16550:2.0 - axi_uart16550_1
Adding cell -- xilinx.com:ip:axi_gpio:2.0 - axi_gpio_1
Adding cell -- xilinx.com:user:CarDriverControl:1.0 - CarDriverControl_0
WARNING: [BD 41-1731] Type mismatch between connected pins: /MIPS_MicroAptiv_UP_0/HRESETn(undef) and /ahblite_axi_bridge_0/s_ahb_hresetn(rst)
WARNING: [BD 41-1731] Type mismatch between connected pins: /MIPS_MicroAptiv_UP_0/HRESETn(undef) and /axi_bram_ctrl_0/s_axi_aresetn(rst)
WARNING: [BD 41-1731] Type mismatch between connected pins: /MIPS_MicroAptiv_UP_0/HRESETn(undef) and /axi_gpio_0/s_axi_aresetn(rst)
WARNING: [BD 41-1731] Type mismatch between connected pins: /MIPS_MicroAptiv_UP_0/HRESETn(undef) and /axi_intc_0/s_axi_aresetn(rst)
WARNING: [BD 41-1731] Type mismatch between connected pins: /MIPS_MicroAptiv_UP_0/HRESETn(undef) and /axi_uart16550_0/s_axi_aresetn(rst)
WARNING: [BD 41-1731] Type mismatch between connected pins: /MIPS_MicroAptiv_UP_0/HRESETn(undef) and /mig_7series_0/aresetn(rst)
WARNING: [BD 41-1731] Type mismatch between connected pins: /MIPS_MicroAptiv_UP_0/HRESETn(undef) and /axi_uart16550_1/s_axi_aresetn(rst)
WARNING: [BD 41-1731] Type mismatch between connected pins: /clk_wiz_0/clk_out1(clk) and /MIPS_MicroAptiv_UP_0/SI_ClkIn(undef)
WARNING: [BD 41-1731] Type mismatch between connected pins: /util_ds_buf_0/BUFG_O(clk) and /MIPS_MicroAptiv_UP_0/EJ_TCK(undef)
Adding cell -- xilinx.com:ip:axi_crossbar:2.1 - xbar
Adding cell -- xilinx.com:ip:axi_dwidth_converter:2.1 - auto_ds
Adding cell -- xilinx.com:ip:axi_protocol_converter:2.1 - auto_pc
Adding cell -- xilinx.com:ip:axi_dwidth_converter:2.1 - auto_ds
Adding cell -- xilinx.com:ip:axi_protocol_converter:2.1 - auto_pc
Adding cell -- xilinx.com:ip:axi_dwidth_converter:2.1 - auto_ds
Adding cell -- xilinx.com:ip:axi_protocol_converter:2.1 - auto_pc
Adding cell -- xilinx.com:ip:axi_clock_converter:2.1 - auto_cc
Adding cell -- xilinx.com:ip:axi_dwidth_converter:2.1 - auto_ds
Adding cell -- xilinx.com:ip:axi_protocol_converter:2.1 - auto_pc
Adding cell -- xilinx.com:ip:axi_dwidth_converter:2.1 - auto_ds
Adding cell -- xilinx.com:ip:axi_dwidth_converter:2.1 - auto_ds
Adding cell -- xilinx.com:ip:axi_protocol_converter:2.1 - auto_pc
Adding cell -- xilinx.com:ip:axi_dwidth_converter:2.1 - auto_us
WARNING: [BD 41-1731] Type mismatch between connected pins: /MIPS_MicroAptiv_UP_0/HRESETn(undef) and /axi_interconnect_0/ARESETN(rst)
WARNING: [BD 41-1731] Type mismatch between connected pins: /MIPS_MicroAptiv_UP_0/HRESETn(undef) and /axi_interconnect_0/S00_ARESETN(rst)
WARNING: [BD 41-1731] Type mismatch between connected pins: /MIPS_MicroAptiv_UP_0/HRESETn(undef) and /axi_interconnect_0/M00_ARESETN(rst)
WARNING: [BD 41-1731] Type mismatch between connected pins: /MIPS_MicroAptiv_UP_0/HRESETn(undef) and /axi_interconnect_0/M01_ARESETN(rst)
WARNING: [BD 41-1731] Type mismatch between connected pins: /MIPS_MicroAptiv_UP_0/HRESETn(undef) and /axi_interconnect_0/M02_ARESETN(rst)
WARNING: [BD 41-1731] Type mismatch between connected pins: /MIPS_MicroAptiv_UP_0/HRESETn(undef) and /axi_interconnect_0/M04_ARESETN(rst)
WARNING: [BD 41-1731] Type mismatch between connected pins: /MIPS_MicroAptiv_UP_0/HRESETn(undef) and /axi_interconnect_0/M05_ARESETN(rst)
WARNING: [BD 41-1731] Type mismatch between connected pins: /MIPS_MicroAptiv_UP_0/HRESETn(undef) and /axi_interconnect_0/M06_ARESETN(rst)
Successfully read diagram <MIPSfpga_system> from BD file <E:/ComputerSystem/AWorkSpace/BluetoothCarHardWare/MIPSfpga_axi4_ddr/MIPSfpga_axi4_ddr.srcs/sources_1/bd/MIPSfpga_system/MIPSfpga_system.bd>
open_bd_design: Time (s): cpu = 00:00:05 ; elapsed = 00:00:06 . Memory (MB): peak = 934.836 ; gain = 44.539
reset_project
CRITICAL WARNING: [filemgmt 20-1366] Unable to reset target(s) for the following file is locked: E:/ComputerSystem/AWorkSpace/BluetoothCarHardWare/MIPSfpga_axi4_ddr/MIPSfpga_axi4_ddr.srcs/sources_1/bd/MIPSfpga_system/MIPSfpga_system.bd
Locked reason: 
* Block design contains locked IPs. Please run report_ip_status for more details and recommendations on how to fix this issue. 
List of locked IPs: 
MIPSfpga_system_MIPS_MicroAptiv_UP_0_0

INFO: [Vivado 12-5777] IP Instance 'MIPSfpga_system_MIPS_MicroAptiv_UP_0_0' cannot be used in a module reference: 
set_property source_mgmt_mode DisplayOnly [current_project]
open_bd_design {E:/ComputerSystem/AWorkSpace/BluetoothCarHardWare/MIPSfpga_axi4_ddr/MIPSfpga_axi4_ddr.srcs/sources_1/bd/MIPSfpga_system/MIPSfpga_system.bd}
validate_bd_design
ERROR: [BD 5-336] This command cannot be run, as the BD-design is locked. Locked reason(s):
* Block design contains locked IPs. Please run report_ip_status for more details and recommendations on how to fix this issue. 
List of locked IPs: 
MIPSfpga_system_MIPS_MicroAptiv_UP_0_0

ERROR: [Common 17-39] 'validate_bd_design' failed due to earlier errors.
update_ip_catalog -rebuild
INFO: [IP_Flow 19-234] Refreshing IP repositories
INFO: [IP_Flow 19-1700] Loaded user IP repository 'e:/ComputerSystem/AWorkSpace/BluetoothCarHardWare/Car_Driver_Control'.
validate_bd_design
ERROR: [BD 5-336] This command cannot be run, as the BD-design is locked. Locked reason(s):
* Block design contains locked IPs. Please run report_ip_status for more details and recommendations on how to fix this issue. 
List of locked IPs: 
MIPSfpga_system_MIPS_MicroAptiv_UP_0_0

ERROR: [Common 17-39] 'validate_bd_design' failed due to earlier errors.
open_bd_design {E:/ComputerSystem/AWorkSpace/BluetoothCarHardWare/MIPSfpga_axi4_ddr/MIPSfpga_axi4_ddr.srcs/sources_1/bd/MIPSfpga_system/MIPSfpga_system.bd}
open_bd_design {E:/ComputerSystem/AWorkSpace/BluetoothCarHardWare/MIPSfpga_axi4_ddr/MIPSfpga_axi4_ddr.srcs/sources_1/bd/MIPSfpga_system/MIPSfpga_system.bd}
set_property source_mgmt_mode All [current_project]
exit
INFO: [Common 17-206] Exiting Vivado at Wed Sep 30 19:53:35 2020...
