#-----------------------------------------------------------
# Vivado v2018.2 (64-bit)
# SW Build 2258646 on Thu Jun 14 20:03:12 MDT 2018
# IP Build 2256618 on Thu Jun 14 22:10:49 MDT 2018
# Start of session at: Thu Oct  1 08:51:20 2020
# Process ID: 17212
# Current directory: E:/ComputerSystem/BroKangOffer/system_ability_2018/ip_repo/Wheel
# Command line: vivado.exe -gui_launcher_event rodinguilauncherevent18712 E:\ComputerSystem\BroKangOffer\system_ability_2018\ip_repo\Wheel\Wheel.xpr
# Log file: E:/ComputerSystem/BroKangOffer/system_ability_2018/ip_repo/Wheel/vivado.log
# Journal file: E:/ComputerSystem/BroKangOffer/system_ability_2018/ip_repo/Wheel\vivado.jou
#-----------------------------------------------------------
start_gui
open_project E:/ComputerSystem/BroKangOffer/system_ability_2018/ip_repo/Wheel/Wheel.xpr
Scanning sources...
Finished scanning sources
INFO: [IP_Flow 19-234] Refreshing IP repositories
INFO: [IP_Flow 19-1700] Loaded user IP repository 'e:/ComputerSystem/BroKangOffer/system_ability_2018/ip_repo/Wheel/Wheel.srcs/sources_1/new'.
INFO: [IP_Flow 19-2313] Loaded Vivado IP repository 'C:/Xilinx/Vivado/2018.2/data/ip'.
open_project: Time (s): cpu = 00:00:18 ; elapsed = 00:00:10 . Memory (MB): peak = 830.125 ; gain = 128.730
update_compile_order -fileset sources_1
update_ip_catalog
WARNING: [filemgmt 56-199] Attempt to get parsing info during refresh. "On-the-fly" syntax checking information may be incorrect. [E:/ComputerSystem/BroKangOffer/system_ability_2018/ip_repo/Wheel/Wheel.srcs/sources_1/new/WheelController.v:]
WARNING: [filemgmt 56-199] Attempt to get parsing info during refresh. "On-the-fly" syntax checking information may be incorrect. [E:/ComputerSystem/BroKangOffer/system_ability_2018/ip_repo/Wheel/Wheel.srcs/sources_1/new/divider.v:]
exit
INFO: [Common 17-206] Exiting Vivado at Thu Oct  1 09:45:58 2020...
