#-----------------------------------------------------------
# Vivado v2018.2 (64-bit)
# SW Build 2258646 on Thu Jun 14 20:03:12 MDT 2018
# IP Build 2256618 on Thu Jun 14 22:10:49 MDT 2018
# Start of session at: Thu Sep 17 09:44:54 2020
# Process ID: 4332
# Current directory: E:/ComputerSystem/BroKangOffer/system_ability_2018/ip_repo/Wheel
# Command line: vivado.exe -gui_launcher_event rodinguilauncherevent11240 E:\ComputerSystem\BroKangOffer\system_ability_2018\ip_repo\Wheel\Wheel.xpr
# Log file: E:/ComputerSystem/BroKangOffer/system_ability_2018/ip_repo/Wheel/vivado.log
# Journal file: E:/ComputerSystem/BroKangOffer/system_ability_2018/ip_repo/Wheel\vivado.jou
#-----------------------------------------------------------
start_gui
open_project E:/ComputerSystem/BroKangOffer/system_ability_2018/ip_repo/Wheel/Wheel.xpr
INFO: [Project 1-313] Project file moved from 'D:/p/system_ability_2018/ip_repo/Wheel' since last save.
Scanning sources...
Finished scanning sources
INFO: [Project 1-230] Project 'Wheel.xpr' upgraded for this version of Vivado.
INFO: [IP_Flow 19-234] Refreshing IP repositories
INFO: [IP_Flow 19-1700] Loaded user IP repository 'e:/ComputerSystem/BroKangOffer/system_ability_2018/ip_repo/Wheel/Wheel.srcs/sources_1/new'.
INFO: [IP_Flow 19-2313] Loaded Vivado IP repository 'C:/Xilinx/Vivado/2018.2/data/ip'.
open_project: Time (s): cpu = 00:00:10 ; elapsed = 00:00:06 . Memory (MB): peak = 794.281 ; gain = 124.406
update_compile_order -fileset sources_1
exit
INFO: [Common 17-206] Exiting Vivado at Thu Sep 17 09:47:14 2020...
